#
# There is insufficient memory for the Java Runtime Environment to continue.
# Native memory allocation (malloc) failed to allocate 814256 bytes. Error detail: Chunk::new
# Possible reasons:
#   The system is out of physical RAM or swap space
#   This process is running with CompressedOops enabled, and the Java Heap may be blocking the growth of the native heap
# Possible solutions:
#   Reduce memory load on the system
#   Increase physical memory or swap space
#   Check if swap backing store is full
#   Decrease Java heap size (-Xmx/-Xms)
#   Decrease number of Java threads
#   Decrease Java thread stack sizes (-Xss)
#   Set larger code cache with -XX:ReservedCodeCacheSize=
#   JVM is running with Zero Based Compressed Oops mode in which the Java heap is
#     placed in the first 32GB address space. The Java Heap base address is the
#     maximum limit for the native heap growth. Please use -XX:HeapBaseMinAddress
#     to set the Java Heap base and to place the Java Heap above 32GB virtual address.
# This output file may be truncated or incomplete.
#
#  Out of Memory Error (arena.cpp:149), pid=14024, tid=17056
#
# JRE version: Java(TM) SE Runtime Environment (23.0.1+11) (build 23.0.1+11-39)
# Java VM: Java HotSpot(TM) 64-Bit Server VM (23.0.1+11-39, mixed mode, sharing, tiered, compressed oops, compressed class ptrs, g1 gc, windows-amd64)
# No core dump will be written. Minidumps are not enabled by default on client versions of Windows
#

---------------  S U M M A R Y ------------

Command Line: -Dclassworlds.conf=C:\Program Files\NetBeans-25\netbeans\java\maven\bin\m2.conf -Dmaven.home=C:\Program Files\NetBeans-25\netbeans\java\maven -Dlibrary.jansi.path=C:\Program Files\NetBeans-25\netbeans\java\maven\lib\jansi-native -Dmaven.multiModuleProjectDirectory=C:\Users\Lenovo\OneDrive\Documents\NetBeansProjects\ProjetoNossoLar\SistemaNossoLar org.codehaus.plexus.classworlds.launcher.Launcher -Dexec.vmArgs= -Dexec.args=${exec.vmArgs} -classpath %classpath ${exec.mainClass} ${exec.appArgs} -Dexec.executable=C:\Program Files\Java\jdk-23\bin\java.exe -Dexec.mainClass=br.edu.iftm.sistemanossolar.view.Telas -Dexec.classpathScope=runtime -Dexec.appArgs= -Dmaven.ext.class.path=C:\Program Files\NetBeans-25\netbeans\java\maven-nblib\netbeans-eventspy.jar --no-transfer-progress process-classes org.codehaus.mojo:exec-maven-plugin:3.1.0:exec

Host: AMD Ryzen 5 PRO 4650U with Radeon Graphics, 12 cores, 13G,  Windows 11 , 64 bit Build 22000 (10.0.22000.2538)
Time: Thu Jun  5 22:34:28 2025 E. South America Standard Time elapsed time: 3.810590 seconds (0d 0h 0m 3s)

---------------  T H R E A D  ---------------

Current thread (0x00000127c48ac540):  JavaThread "C2 CompilerThread0" daemon [_thread_in_native, id=17056, stack(0x0000001a4b400000,0x0000001a4b500000) (1024K)]


Current CompileTask:
C2:3810 3603       4       org.codehaus.plexus.util.xml.Xpp3Dom::<init> (125 bytes)

Stack: [0x0000001a4b400000,0x0000001a4b500000]
Native frames: (J=compiled Java code, j=interpreted, Vv=VM code, C=native code)
V  [jvm.dll+0x6e08b9]  (no source info available)
V  [jvm.dll+0x87dc83]  (no source info available)
V  [jvm.dll+0x88010e]  (no source info available)
V  [jvm.dll+0x8807e3]  (no source info available)
V  [jvm.dll+0x27aee6]  (no source info available)
V  [jvm.dll+0xbc06f]  (no source info available)
V  [jvm.dll+0xbc2cb]  (no source info available)
V  [jvm.dll+0x3b3a62]  (no source info available)
V  [jvm.dll+0x38a42b]  (no source info available)
V  [jvm.dll+0x38989a]  (no source info available)
V  [jvm.dll+0x244aa1]  (no source info available)
V  [jvm.dll+0x243dff]  (no source info available)
V  [jvm.dll+0x1c33a0]  (no source info available)
V  [jvm.dll+0x253cf1]  (no source info available)
V  [jvm.dll+0x251faa]  (no source info available)
V  [jvm.dll+0x3ee036]  (no source info available)
V  [jvm.dll+0x824f8b]  (no source info available)
V  [jvm.dll+0x6df065]  (no source info available)
C  [ucrtbase.dll+0x26c0c]  (no source info available)
C  [KERNEL32.DLL+0x153e0]  (no source info available)
C  [ntdll.dll+0x485b]  (no source info available)

Lock stack of current Java thread (top to bottom):


---------------  P R O C E S S  ---------------

Threads class SMR info:
_java_thread_list=0x000001280a87f730, length=12, elements={
0x00000127a3815070, 0x00000127c486ecd0, 0x00000127c48714b0, 0x00000127c4872dc0,
0x00000127c48738f0, 0x00000127c4882410, 0x00000127c48a81e0, 0x00000127c48ac540,
0x00000127c48acd30, 0x00000127c48a9590, 0x00000127c48a6e30, 0x000001280a9464a0
}

Java Threads: ( => current thread )
  0x00000127a3815070 JavaThread "main"                              [_thread_in_Java, id=11560, stack(0x0000001a4a600000,0x0000001a4a700000) (1024K)]
  0x00000127c486ecd0 JavaThread "Reference Handler"          daemon [_thread_blocked, id=7780, stack(0x0000001a4ae00000,0x0000001a4af00000) (1024K)]
  0x00000127c48714b0 JavaThread "Finalizer"                  daemon [_thread_blocked, id=4028, stack(0x0000001a4af00000,0x0000001a4b000000) (1024K)]
  0x00000127c4872dc0 JavaThread "Signal Dispatcher"          daemon [_thread_blocked, id=19580, stack(0x0000001a4b000000,0x0000001a4b100000) (1024K)]
  0x00000127c48738f0 JavaThread "Attach Listener"            daemon [_thread_blocked, id=3988, stack(0x0000001a4b100000,0x0000001a4b200000) (1024K)]
  0x00000127c4882410 JavaThread "Service Thread"             daemon [_thread_blocked, id=11276, stack(0x0000001a4b200000,0x0000001a4b300000) (1024K)]
  0x00000127c48a81e0 JavaThread "Monitor Deflation Thread"   daemon [_thread_blocked, id=18612, stack(0x0000001a4b300000,0x0000001a4b400000) (1024K)]
=>0x00000127c48ac540 JavaThread "C2 CompilerThread0"         daemon [_thread_in_native, id=17056, stack(0x0000001a4b400000,0x0000001a4b500000) (1024K)]
  0x00000127c48acd30 JavaThread "C1 CompilerThread0"         daemon [_thread_blocked, id=12424, stack(0x0000001a4b500000,0x0000001a4b600000) (1024K)]
  0x00000127c48a9590 JavaThread "Notification Thread"        daemon [_thread_blocked, id=11240, stack(0x0000001a4b600000,0x0000001a4b700000) (1024K)]
  0x00000127c48a6e30 JavaThread "Common-Cleaner"             daemon [_thread_blocked, id=20824, stack(0x0000001a4b700000,0x0000001a4b800000) (1024K)]
  0x000001280a9464a0 JavaThread "C2 CompilerThread1"         daemon [_thread_in_native, id=8696, stack(0x0000001a4b800000,0x0000001a4b900000) (1024K)]
Total: 12

Other Threads:
  0x00000127c4857c40 VMThread "VM Thread"                           [id=8340, stack(0x0000001a4ad00000,0x0000001a4ae00000) (1024K)]
  0x00000127c4846db0 WatcherThread "VM Periodic Task Thread"        [id=8612, stack(0x0000001a4ac00000,0x0000001a4ad00000) (1024K)]
  0x00000127a5a8d490 WorkerThread "GC Thread#0"                     [id=9964, stack(0x0000001a4a700000,0x0000001a4a800000) (1024K)]
  0x000001280a91aef0 WorkerThread "GC Thread#1"                     [id=19936, stack(0x0000001a4ba00000,0x0000001a4bb00000) (1024K)]
  0x000001280a9a9ae0 WorkerThread "GC Thread#2"                     [id=15800, stack(0x0000001a4bb00000,0x0000001a4bc00000) (1024K)]
  0x000001280a9096b0 WorkerThread "GC Thread#3"                     [id=4004, stack(0x0000001a4bc00000,0x0000001a4bd00000) (1024K)]
  0x000001280a909a60 WorkerThread "GC Thread#4"                     [id=11420, stack(0x0000001a4bd00000,0x0000001a4be00000) (1024K)]
  0x000001280a9c85f0 WorkerThread "GC Thread#5"                     [id=11340, stack(0x0000001a4be00000,0x0000001a4bf00000) (1024K)]
  0x000001280a9c89a0 WorkerThread "GC Thread#6"                     [id=9112, stack(0x0000001a4bf00000,0x0000001a4c000000) (1024K)]
  0x000001280a9c8d50 WorkerThread "GC Thread#7"                     [id=12844, stack(0x0000001a4c000000,0x0000001a4c100000) (1024K)]
  0x000001280ad75560 WorkerThread "GC Thread#8"                     [id=17132, stack(0x0000001a4c100000,0x0000001a4c200000) (1024K)]
  0x000001280ad767d0 WorkerThread "GC Thread#9"                     [id=7132, stack(0x0000001a4c200000,0x0000001a4c300000) (1024K)]
  0x00000127a5a9fb20 ConcurrentGCThread "G1 Main Marker"            [id=4308, stack(0x0000001a4a800000,0x0000001a4a900000) (1024K)]
  0x00000127a5aa0ce0 WorkerThread "G1 Conc#0"                       [id=11476, stack(0x0000001a4a900000,0x0000001a4aa00000) (1024K)]
  0x00000127a5afd0a0 ConcurrentGCThread "G1 Refine#0"               [id=2936, stack(0x0000001a4aa00000,0x0000001a4ab00000) (1024K)]
  0x00000127a5afe4f0 ConcurrentGCThread "G1 Service"                [id=2896, stack(0x0000001a4ab00000,0x0000001a4ac00000) (1024K)]
Total: 16

Threads with active compile tasks:
C2 CompilerThread0  3898 3603       4       org.codehaus.plexus.util.xml.Xpp3Dom::<init> (125 bytes)
C2 CompilerThread1  3898 3648   !   4       java.nio.charset.CharsetDecoder::decode (275 bytes)
Total: 2

VM state: not at safepoint (normal execution)

VM Mutex/Monitor currently owned by a thread: None

Heap address: 0x0000000722000000, size: 3552 MB, Compressed Oops mode: Zero based, Oop shift amount: 3

CDS archive(s) mapped at: [0x00000127c5000000-0x00000127c5d70000-0x00000127c5d70000), size 14090240, SharedBaseAddress: 0x00000127c5000000, ArchiveRelocationMode: 1.
Compressed class space mapped at: 0x00000127c6000000-0x0000012806000000, reserved size: 1073741824
Narrow klass base: 0x00000127c5000000, Narrow klass shift: 0, Narrow klass range: 0x41000000

GC Precious Log:
 CardTable entry size: 512
 Card Set container configuration: InlinePtr #cards 4 size 8 Array Of Cards #cards 16 size 48 Howl #buckets 8 coarsen threshold 3686 Howl Bitmap #cards 512 size 80 coarsen threshold 460 Card regions per heap region 1 cards per card region 4096
 CPUs: 12 total, 12 available
 Memory: 14200M
 Large Page Support: Disabled
 NUMA Support: Disabled
 Compressed Oops: Enabled (Zero based)
 Heap Region Size: 2M
 Heap Min Capacity: 8M
 Heap Initial Capacity: 222M
 Heap Max Capacity: 3552M
 Pre-touch: Disabled
 Parallel Workers: 10
 Concurrent Workers: 3
 Concurrent Refinement Workers: 10
 Periodic GC: Disabled

Heap:
 garbage-first heap   total reserved 3637248K, committed 227328K, used 58134K [0x0000000722000000, 0x0000000800000000)
  region size 2048K, 28 young (57344K), 1 survivors (2048K)
 Metaspace       used 16311K, committed 16512K, reserved 1114112K
  class space    used 2017K, committed 2112K, reserved 1048576K

Heap Regions: E=young(eden), S=young(survivor), O=old, HS=humongous(starts), HC=humongous(continues), CS=collection set, F=free, TAMS=top-at-mark-start, PB=parsable bottom
|   0|0x0000000722000000, 0x0000000722200000, 0x0000000722200000|100%| O|  |TAMS 0x0000000722000000| PB 0x0000000722000000| Untracked |  0
|   1|0x0000000722200000, 0x000000072239e8a8, 0x0000000722400000| 80%| O|  |TAMS 0x0000000722200000| PB 0x0000000722200000| Untracked |  0
|   2|0x0000000722400000, 0x0000000722400000, 0x0000000722600000|  0%| F|  |TAMS 0x0000000722400000| PB 0x0000000722400000| Untracked |  0
|   3|0x0000000722600000, 0x0000000722600000, 0x0000000722800000|  0%| F|  |TAMS 0x0000000722600000| PB 0x0000000722600000| Untracked |  0
|   4|0x0000000722800000, 0x0000000722800000, 0x0000000722a00000|  0%| F|  |TAMS 0x0000000722800000| PB 0x0000000722800000| Untracked |  0
|   5|0x0000000722a00000, 0x0000000722a00000, 0x0000000722c00000|  0%| F|  |TAMS 0x0000000722a00000| PB 0x0000000722a00000| Untracked |  0
|   6|0x0000000722c00000, 0x0000000722c00000, 0x0000000722e00000|  0%| F|  |TAMS 0x0000000722c00000| PB 0x0000000722c00000| Untracked |  0
|   7|0x0000000722e00000, 0x0000000722e00000, 0x0000000723000000|  0%| F|  |TAMS 0x0000000722e00000| PB 0x0000000722e00000| Untracked |  0
|   8|0x0000000723000000, 0x0000000723000000, 0x0000000723200000|  0%| F|  |TAMS 0x0000000723000000| PB 0x0000000723000000| Untracked |  0
|   9|0x0000000723200000, 0x0000000723200000, 0x0000000723400000|  0%| F|  |TAMS 0x0000000723200000| PB 0x0000000723200000| Untracked |  0
|  10|0x0000000723400000, 0x0000000723400000, 0x0000000723600000|  0%| F|  |TAMS 0x0000000723400000| PB 0x0000000723400000| Untracked |  0
|  11|0x0000000723600000, 0x0000000723600000, 0x0000000723800000|  0%| F|  |TAMS 0x0000000723600000| PB 0x0000000723600000| Untracked |  0
|  12|0x0000000723800000, 0x0000000723800000, 0x0000000723a00000|  0%| F|  |TAMS 0x0000000723800000| PB 0x0000000723800000| Untracked |  0
|  13|0x0000000723a00000, 0x0000000723a00000, 0x0000000723c00000|  0%| F|  |TAMS 0x0000000723a00000| PB 0x0000000723a00000| Untracked |  0
|  14|0x0000000723c00000, 0x0000000723c00000, 0x0000000723e00000|  0%| F|  |TAMS 0x0000000723c00000| PB 0x0000000723c00000| Untracked |  0
|  15|0x0000000723e00000, 0x0000000723e00000, 0x0000000724000000|  0%| F|  |TAMS 0x0000000723e00000| PB 0x0000000723e00000| Untracked |  0
|  16|0x0000000724000000, 0x0000000724000000, 0x0000000724200000|  0%| F|  |TAMS 0x0000000724000000| PB 0x0000000724000000| Untracked |  0
|  17|0x0000000724200000, 0x0000000724200000, 0x0000000724400000|  0%| F|  |TAMS 0x0000000724200000| PB 0x0000000724200000| Untracked |  0
|  18|0x0000000724400000, 0x0000000724400000, 0x0000000724600000|  0%| F|  |TAMS 0x0000000724400000| PB 0x0000000724400000| Untracked |  0
|  19|0x0000000724600000, 0x0000000724600000, 0x0000000724800000|  0%| F|  |TAMS 0x0000000724600000| PB 0x0000000724600000| Untracked |  0
|  20|0x0000000724800000, 0x0000000724800000, 0x0000000724a00000|  0%| F|  |TAMS 0x0000000724800000| PB 0x0000000724800000| Untracked |  0
|  21|0x0000000724a00000, 0x0000000724a00000, 0x0000000724c00000|  0%| F|  |TAMS 0x0000000724a00000| PB 0x0000000724a00000| Untracked |  0
|  22|0x0000000724c00000, 0x0000000724c00000, 0x0000000724e00000|  0%| F|  |TAMS 0x0000000724c00000| PB 0x0000000724c00000| Untracked |  0
|  23|0x0000000724e00000, 0x0000000724e00000, 0x0000000725000000|  0%| F|  |TAMS 0x0000000724e00000| PB 0x0000000724e00000| Untracked |  0
|  24|0x0000000725000000, 0x0000000725000000, 0x0000000725200000|  0%| F|  |TAMS 0x0000000725000000| PB 0x0000000725000000| Untracked |  0
|  25|0x0000000725200000, 0x0000000725200000, 0x0000000725400000|  0%| F|  |TAMS 0x0000000725200000| PB 0x0000000725200000| Untracked |  0
|  26|0x0000000725400000, 0x0000000725400000, 0x0000000725600000|  0%| F|  |TAMS 0x0000000725400000| PB 0x0000000725400000| Untracked |  0
|  27|0x0000000725600000, 0x0000000725600000, 0x0000000725800000|  0%| F|  |TAMS 0x0000000725600000| PB 0x0000000725600000| Untracked |  0
|  28|0x0000000725800000, 0x0000000725800000, 0x0000000725a00000|  0%| F|  |TAMS 0x0000000725800000| PB 0x0000000725800000| Untracked |  0
|  29|0x0000000725a00000, 0x0000000725a00000, 0x0000000725c00000|  0%| F|  |TAMS 0x0000000725a00000| PB 0x0000000725a00000| Untracked |  0
|  30|0x0000000725c00000, 0x0000000725c00000, 0x0000000725e00000|  0%| F|  |TAMS 0x0000000725c00000| PB 0x0000000725c00000| Untracked |  0
|  31|0x0000000725e00000, 0x0000000725e00000, 0x0000000726000000|  0%| F|  |TAMS 0x0000000725e00000| PB 0x0000000725e00000| Untracked |  0
|  32|0x0000000726000000, 0x0000000726000000, 0x0000000726200000|  0%| F|  |TAMS 0x0000000726000000| PB 0x0000000726000000| Untracked |  0
|  33|0x0000000726200000, 0x0000000726200000, 0x0000000726400000|  0%| F|  |TAMS 0x0000000726200000| PB 0x0000000726200000| Untracked |  0
|  34|0x0000000726400000, 0x0000000726400000, 0x0000000726600000|  0%| F|  |TAMS 0x0000000726400000| PB 0x0000000726400000| Untracked |  0
|  35|0x0000000726600000, 0x0000000726600000, 0x0000000726800000|  0%| F|  |TAMS 0x0000000726600000| PB 0x0000000726600000| Untracked |  0
|  36|0x0000000726800000, 0x0000000726800000, 0x0000000726a00000|  0%| F|  |TAMS 0x0000000726800000| PB 0x0000000726800000| Untracked |  0
|  37|0x0000000726a00000, 0x0000000726a00000, 0x0000000726c00000|  0%| F|  |TAMS 0x0000000726a00000| PB 0x0000000726a00000| Untracked |  0
|  38|0x0000000726c00000, 0x0000000726c00000, 0x0000000726e00000|  0%| F|  |TAMS 0x0000000726c00000| PB 0x0000000726c00000| Untracked |  0
|  39|0x0000000726e00000, 0x0000000726e00000, 0x0000000727000000|  0%| F|  |TAMS 0x0000000726e00000| PB 0x0000000726e00000| Untracked |  0
|  40|0x0000000727000000, 0x0000000727000000, 0x0000000727200000|  0%| F|  |TAMS 0x0000000727000000| PB 0x0000000727000000| Untracked |  0
|  41|0x0000000727200000, 0x0000000727200000, 0x0000000727400000|  0%| F|  |TAMS 0x0000000727200000| PB 0x0000000727200000| Untracked |  0
|  42|0x0000000727400000, 0x0000000727400000, 0x0000000727600000|  0%| F|  |TAMS 0x0000000727400000| PB 0x0000000727400000| Untracked |  0
|  43|0x0000000727600000, 0x0000000727600000, 0x0000000727800000|  0%| F|  |TAMS 0x0000000727600000| PB 0x0000000727600000| Untracked |  0
|  44|0x0000000727800000, 0x0000000727800000, 0x0000000727a00000|  0%| F|  |TAMS 0x0000000727800000| PB 0x0000000727800000| Untracked |  0
|  45|0x0000000727a00000, 0x0000000727a00000, 0x0000000727c00000|  0%| F|  |TAMS 0x0000000727a00000| PB 0x0000000727a00000| Untracked |  0
|  46|0x0000000727c00000, 0x0000000727c00000, 0x0000000727e00000|  0%| F|  |TAMS 0x0000000727c00000| PB 0x0000000727c00000| Untracked |  0
|  47|0x0000000727e00000, 0x0000000727e00000, 0x0000000728000000|  0%| F|  |TAMS 0x0000000727e00000| PB 0x0000000727e00000| Untracked |  0
|  48|0x0000000728000000, 0x0000000728000000, 0x0000000728200000|  0%| F|  |TAMS 0x0000000728000000| PB 0x0000000728000000| Untracked |  0
|  49|0x0000000728200000, 0x0000000728200000, 0x0000000728400000|  0%| F|  |TAMS 0x0000000728200000| PB 0x0000000728200000| Untracked |  0
|  50|0x0000000728400000, 0x0000000728400000, 0x0000000728600000|  0%| F|  |TAMS 0x0000000728400000| PB 0x0000000728400000| Untracked |  0
|  51|0x0000000728600000, 0x0000000728600000, 0x0000000728800000|  0%| F|  |TAMS 0x0000000728600000| PB 0x0000000728600000| Untracked |  0
|  52|0x0000000728800000, 0x0000000728800000, 0x0000000728a00000|  0%| F|  |TAMS 0x0000000728800000| PB 0x0000000728800000| Untracked |  0
|  53|0x0000000728a00000, 0x0000000728a00000, 0x0000000728c00000|  0%| F|  |TAMS 0x0000000728a00000| PB 0x0000000728a00000| Untracked |  0
|  54|0x0000000728c00000, 0x0000000728c00000, 0x0000000728e00000|  0%| F|  |TAMS 0x0000000728c00000| PB 0x0000000728c00000| Untracked |  0
|  55|0x0000000728e00000, 0x0000000728e00000, 0x0000000729000000|  0%| F|  |TAMS 0x0000000728e00000| PB 0x0000000728e00000| Untracked |  0
|  56|0x0000000729000000, 0x0000000729000000, 0x0000000729200000|  0%| F|  |TAMS 0x0000000729000000| PB 0x0000000729000000| Untracked |  0
|  57|0x0000000729200000, 0x0000000729200000, 0x0000000729400000|  0%| F|  |TAMS 0x0000000729200000| PB 0x0000000729200000| Untracked |  0
|  58|0x0000000729400000, 0x0000000729400000, 0x0000000729600000|  0%| F|  |TAMS 0x0000000729400000| PB 0x0000000729400000| Untracked |  0
|  59|0x0000000729600000, 0x0000000729600000, 0x0000000729800000|  0%| F|  |TAMS 0x0000000729600000| PB 0x0000000729600000| Untracked |  0
|  60|0x0000000729800000, 0x0000000729800000, 0x0000000729a00000|  0%| F|  |TAMS 0x0000000729800000| PB 0x0000000729800000| Untracked |  0
|  61|0x0000000729a00000, 0x0000000729a00000, 0x0000000729c00000|  0%| F|  |TAMS 0x0000000729a00000| PB 0x0000000729a00000| Untracked |  0
|  62|0x0000000729c00000, 0x0000000729c00000, 0x0000000729e00000|  0%| F|  |TAMS 0x0000000729c00000| PB 0x0000000729c00000| Untracked |  0
|  63|0x0000000729e00000, 0x0000000729e00000, 0x000000072a000000|  0%| F|  |TAMS 0x0000000729e00000| PB 0x0000000729e00000| Untracked |  0
|  64|0x000000072a000000, 0x000000072a000000, 0x000000072a200000|  0%| F|  |TAMS 0x000000072a000000| PB 0x000000072a000000| Untracked |  0
|  65|0x000000072a200000, 0x000000072a200000, 0x000000072a400000|  0%| F|  |TAMS 0x000000072a200000| PB 0x000000072a200000| Untracked |  0
|  66|0x000000072a400000, 0x000000072a400000, 0x000000072a600000|  0%| F|  |TAMS 0x000000072a400000| PB 0x000000072a400000| Untracked |  0
|  67|0x000000072a600000, 0x000000072a600000, 0x000000072a800000|  0%| F|  |TAMS 0x000000072a600000| PB 0x000000072a600000| Untracked |  0
|  68|0x000000072a800000, 0x000000072a800000, 0x000000072aa00000|  0%| F|  |TAMS 0x000000072a800000| PB 0x000000072a800000| Untracked |  0
|  69|0x000000072aa00000, 0x000000072aa00000, 0x000000072ac00000|  0%| F|  |TAMS 0x000000072aa00000| PB 0x000000072aa00000| Untracked |  0
|  70|0x000000072ac00000, 0x000000072ac00000, 0x000000072ae00000|  0%| F|  |TAMS 0x000000072ac00000| PB 0x000000072ac00000| Untracked |  0
|  71|0x000000072ae00000, 0x000000072ae00000, 0x000000072b000000|  0%| F|  |TAMS 0x000000072ae00000| PB 0x000000072ae00000| Untracked |  0
|  72|0x000000072b000000, 0x000000072b000000, 0x000000072b200000|  0%| F|  |TAMS 0x000000072b000000| PB 0x000000072b000000| Untracked |  0
|  73|0x000000072b200000, 0x000000072b200000, 0x000000072b400000|  0%| F|  |TAMS 0x000000072b200000| PB 0x000000072b200000| Untracked |  0
|  74|0x000000072b400000, 0x000000072b400000, 0x000000072b600000|  0%| F|  |TAMS 0x000000072b400000| PB 0x000000072b400000| Untracked |  0
|  75|0x000000072b600000, 0x000000072b600000, 0x000000072b800000|  0%| F|  |TAMS 0x000000072b600000| PB 0x000000072b600000| Untracked |  0
|  76|0x000000072b800000, 0x000000072b800000, 0x000000072ba00000|  0%| F|  |TAMS 0x000000072b800000| PB 0x000000072b800000| Untracked |  0
|  77|0x000000072ba00000, 0x000000072ba00000, 0x000000072bc00000|  0%| F|  |TAMS 0x000000072ba00000| PB 0x000000072ba00000| Untracked |  0
|  78|0x000000072bc00000, 0x000000072bc00000, 0x000000072be00000|  0%| F|  |TAMS 0x000000072bc00000| PB 0x000000072bc00000| Untracked |  0
|  79|0x000000072be00000, 0x000000072be00000, 0x000000072c000000|  0%| F|  |TAMS 0x000000072be00000| PB 0x000000072be00000| Untracked |  0
|  80|0x000000072c000000, 0x000000072c000000, 0x000000072c200000|  0%| F|  |TAMS 0x000000072c000000| PB 0x000000072c000000| Untracked |  0
|  81|0x000000072c200000, 0x000000072c200000, 0x000000072c400000|  0%| F|  |TAMS 0x000000072c200000| PB 0x000000072c200000| Untracked |  0
|  82|0x000000072c400000, 0x000000072c400000, 0x000000072c600000|  0%| F|  |TAMS 0x000000072c400000| PB 0x000000072c400000| Untracked |  0
|  83|0x000000072c600000, 0x000000072c764840, 0x000000072c800000| 69%| E|  |TAMS 0x000000072c600000| PB 0x000000072c600000| Complete |  0
|  84|0x000000072c800000, 0x000000072ca00000, 0x000000072ca00000|100%| E|CS|TAMS 0x000000072c800000| PB 0x000000072c800000| Complete |  0
|  85|0x000000072ca00000, 0x000000072cc00000, 0x000000072cc00000|100%| E|CS|TAMS 0x000000072ca00000| PB 0x000000072ca00000| Complete |  0
|  86|0x000000072cc00000, 0x000000072ce00000, 0x000000072ce00000|100%| E|CS|TAMS 0x000000072cc00000| PB 0x000000072cc00000| Complete |  0
|  87|0x000000072ce00000, 0x000000072d000000, 0x000000072d000000|100%| E|CS|TAMS 0x000000072ce00000| PB 0x000000072ce00000| Complete |  0
|  88|0x000000072d000000, 0x000000072d200000, 0x000000072d200000|100%| E|CS|TAMS 0x000000072d000000| PB 0x000000072d000000| Complete |  0
|  89|0x000000072d200000, 0x000000072d400000, 0x000000072d400000|100%| E|CS|TAMS 0x000000072d200000| PB 0x000000072d200000| Complete |  0
|  90|0x000000072d400000, 0x000000072d600000, 0x000000072d600000|100%| E|CS|TAMS 0x000000072d400000| PB 0x000000072d400000| Complete |  0
|  91|0x000000072d600000, 0x000000072d800000, 0x000000072d800000|100%| E|CS|TAMS 0x000000072d600000| PB 0x000000072d600000| Complete |  0
|  92|0x000000072d800000, 0x000000072da00000, 0x000000072da00000|100%| E|CS|TAMS 0x000000072d800000| PB 0x000000072d800000| Complete |  0
|  93|0x000000072da00000, 0x000000072dc00000, 0x000000072dc00000|100%| E|CS|TAMS 0x000000072da00000| PB 0x000000072da00000| Complete |  0
|  94|0x000000072dc00000, 0x000000072de00000, 0x000000072de00000|100%| E|CS|TAMS 0x000000072dc00000| PB 0x000000072dc00000| Complete |  0
|  95|0x000000072de00000, 0x000000072e000000, 0x000000072e000000|100%| E|CS|TAMS 0x000000072de00000| PB 0x000000072de00000| Complete |  0
|  96|0x000000072e000000, 0x000000072e200000, 0x000000072e200000|100%| E|CS|TAMS 0x000000072e000000| PB 0x000000072e000000| Complete |  0
|  97|0x000000072e200000, 0x000000072e400000, 0x000000072e400000|100%| E|CS|TAMS 0x000000072e200000| PB 0x000000072e200000| Complete |  0
|  98|0x000000072e400000, 0x000000072e600000, 0x000000072e600000|100%| E|CS|TAMS 0x000000072e400000| PB 0x000000072e400000| Complete |  0
|  99|0x000000072e600000, 0x000000072e727308, 0x000000072e800000| 57%| S|CS|TAMS 0x000000072e600000| PB 0x000000072e600000| Complete |  0
| 100|0x000000072e800000, 0x000000072ea00000, 0x000000072ea00000|100%| E|CS|TAMS 0x000000072e800000| PB 0x000000072e800000| Complete |  0
| 101|0x000000072ea00000, 0x000000072ec00000, 0x000000072ec00000|100%| E|CS|TAMS 0x000000072ea00000| PB 0x000000072ea00000| Complete |  0
| 102|0x000000072ec00000, 0x000000072ee00000, 0x000000072ee00000|100%| E|CS|TAMS 0x000000072ec00000| PB 0x000000072ec00000| Complete |  0
| 103|0x000000072ee00000, 0x000000072f000000, 0x000000072f000000|100%| E|CS|TAMS 0x000000072ee00000| PB 0x000000072ee00000| Complete |  0
| 104|0x000000072f000000, 0x000000072f200000, 0x000000072f200000|100%| E|CS|TAMS 0x000000072f000000| PB 0x000000072f000000| Complete |  0
| 105|0x000000072f200000, 0x000000072f400000, 0x000000072f400000|100%| E|CS|TAMS 0x000000072f200000| PB 0x000000072f200000| Complete |  0
| 106|0x000000072f400000, 0x000000072f600000, 0x000000072f600000|100%| E|CS|TAMS 0x000000072f400000| PB 0x000000072f400000| Complete |  0
| 107|0x000000072f600000, 0x000000072f800000, 0x000000072f800000|100%| E|CS|TAMS 0x000000072f600000| PB 0x000000072f600000| Complete |  0
| 108|0x000000072f800000, 0x000000072fa00000, 0x000000072fa00000|100%| E|CS|TAMS 0x000000072f800000| PB 0x000000072f800000| Complete |  0
| 109|0x000000072fa00000, 0x000000072fc00000, 0x000000072fc00000|100%| E|CS|TAMS 0x000000072fa00000| PB 0x000000072fa00000| Complete |  0
| 110|0x000000072fc00000, 0x000000072fe00000, 0x000000072fe00000|100%| E|CS|TAMS 0x000000072fc00000| PB 0x000000072fc00000| Complete |  0

Card table byte_map: [0x00000127bddb0000,0x00000127be4a0000] _byte_map_base: 0x00000127ba4a0000

Marking Bits: (CMBitMap*) 0x00000127a5a8dab0
 Bits: [0x00000127be4a0000, 0x00000127c1c20000)

Polling page: 0x00000127a5200000

Metaspace:

Usage:
  Non-class:     13.97 MB used.
      Class:      1.98 MB used.
       Both:     15.95 MB used.

Virtual space:
  Non-class space:       64.00 MB reserved,      14.06 MB ( 22%) committed,  1 nodes.
      Class space:        1.00 GB reserved,       2.06 MB ( <1%) committed,  1 nodes.
             Both:        1.06 GB reserved,      16.12 MB (  1%) committed. 

Chunk freelists:
   Non-Class:  1.75 MB
       Class:  13.82 MB
        Both:  15.57 MB

MaxMetaspaceSize: unlimited
CompressedClassSpaceSize: 1.00 GB
Initial GC threshold: 21.00 MB
Current GC threshold: 21.00 MB
CDS: on
 - commit_granule_bytes: 65536.
 - commit_granule_words: 8192.
 - virtual_space_node_default_size: 8388608.
 - enlarge_chunks_in_place: 1.
 - use_allocation_guard: 0.


Internal statistics:

num_allocs_failed_limit: 0.
num_arena_births: 168.
num_arena_deaths: 0.
num_vsnodes_births: 2.
num_vsnodes_deaths: 0.
num_space_committed: 258.
num_space_uncommitted: 0.
num_chunks_returned_to_freelist: 0.
num_chunks_taken_from_freelist: 714.
num_chunk_merges: 0.
num_chunk_splits: 497.
num_chunks_enlarged: 402.
num_inconsistent_stats: 0.

CodeHeap 'non-profiled nmethods': size=120064Kb used=1237Kb max_used=1237Kb free=118827Kb
 bounds [0x00000127b5c30000, 0x00000127b5ea0000, 0x00000127bd170000]
CodeHeap 'profiled nmethods': size=120000Kb used=5657Kb max_used=5657Kb free=114342Kb
 bounds [0x00000127ae170000, 0x00000127ae700000, 0x00000127b56a0000]
CodeHeap 'non-nmethods': size=5696Kb used=1408Kb max_used=1441Kb free=4287Kb
 bounds [0x00000127b56a0000, 0x00000127b5910000, 0x00000127b5c30000]
CodeCache: size=245760Kb, used=8302Kb, max_used=8335Kb, free=237456Kb
 total_blobs=4208, nmethods=3695, adapters=417, full_count=0
Compilation: enabled, stopped_count=0, restarted_count=0

Compilation events (20 events):
Event: 3.783 Thread 0x00000127c48acd30 3630       3       java.util.zip.ZipFile$Source::getMetaVersion (221 bytes)
Event: 3.784 Thread 0x00000127c48acd30 nmethod 3630 0x00000127ae6c9a88 code [0x00000127ae6c9c00, 0x00000127ae6ca2b8]
Event: 3.784 Thread 0x00000127c48acd30 3629       3       java.util.zip.ZipFile$Source::isSignatureRelated (227 bytes)
Event: 3.785 Thread 0x00000127c48acd30 nmethod 3629 0x00000127ae6ca308 code [0x00000127ae6ca460, 0x00000127ae6caa40]
Event: 3.785 Thread 0x000001280a9464a0 3631       4       java.lang.String::endsWith (15 bytes)
Event: 3.788 Thread 0x00000127c48acd30 3632       3       org.codehaus.plexus.classworlds.realm.Entry::matches (282 bytes)
Event: 3.791 Thread 0x000001280a9464a0 nmethod 3631 0x00000127b5d64008 code [0x00000127b5d64120, 0x00000127b5d64430]
Event: 3.791 Thread 0x000001280a9464a0 3633       4       java.lang.String::lastIndexOf (12 bytes)
Event: 3.792 Thread 0x00000127c48acd30 nmethod 3632 0x00000127ae6caa88 code [0x00000127ae6cb0a0, 0x00000127ae6ce538]
Event: 3.792 Thread 0x00000127c48acd30 3634       3       com.google.inject.internal.util.SourceProvider::shouldBeSkipped (35 bytes)
Event: 3.793 Thread 0x00000127c48acd30 nmethod 3634 0x00000127ae6ce608 code [0x00000127ae6ce760, 0x00000127ae6cec40]
Event: 3.793 Thread 0x00000127c48acd30 3636       3       sun.reflect.annotation.TypeAnnotation$LocationInfo::filter (68 bytes)
Event: 3.793 Thread 0x00000127c48acd30 nmethod 3636 0x00000127ae6cec88 code [0x00000127ae6cee40, 0x00000127ae6cf7a8]
Event: 3.794 Thread 0x00000127c48acd30 3635       3       com.google.inject.internal.BindingBuilder::to (43 bytes)
Event: 3.794 Thread 0x00000127c48acd30 nmethod 3635 0x00000127ae6cf808 code [0x00000127ae6cf9e0, 0x00000127ae6d0810]
Event: 3.795 Thread 0x00000127c48acd30 3637       3       com.google.common.collect.ImmutableSet::<init> (5 bytes)
Event: 3.795 Thread 0x00000127c48acd30 nmethod 3637 0x00000127ae6d0908 code [0x00000127ae6d0a40, 0x00000127ae6d0c68]
Event: 3.796 Thread 0x000001280a9464a0 nmethod 3633 0x00000127b5d64488 code [0x00000127b5d645a0, 0x00000127b5d647c0]
Event: 3.797 Thread 0x00000127c48acd30 3638       3       sun.net.www.ParseUtil::firstEncodeIndex (86 bytes)
Event: 3.798 Thread 0x00000127c48acd30 nmethod 3638 0x00000127ae6d0d08 code [0x00000127ae6d0ec0, 0x00000127ae6d1818]

GC Heap History (4 events):
Event: 1.209 GC heap before
{Heap before GC invocations=0 (full 0):
 garbage-first heap   total reserved 3637248K, committed 227328K, used 24576K [0x0000000722000000, 0x0000000800000000)
  region size 2048K, 12 young (24576K), 0 survivors (0K)
 Metaspace       used 5943K, committed 6144K, reserved 1114112K
  class space    used 730K, committed 832K, reserved 1048576K
}
Event: 1.217 GC heap after
{Heap after GC invocations=1 (full 0):
 garbage-first heap   total reserved 3637248K, committed 227328K, used 3968K [0x0000000722000000, 0x0000000800000000)
  region size 2048K, 2 young (4096K), 2 survivors (4096K)
 Metaspace       used 5943K, committed 6144K, reserved 1114112K
  class space    used 730K, committed 832K, reserved 1048576K
}
Event: 1.914 GC heap before
{Heap before GC invocations=1 (full 0):
 garbage-first heap   total reserved 3637248K, committed 227328K, used 24448K [0x0000000722000000, 0x0000000800000000)
  region size 2048K, 13 young (26624K), 2 survivors (4096K)
 Metaspace       used 8450K, committed 8640K, reserved 1114112K
  class space    used 1019K, committed 1152K, reserved 1048576K
}
Event: 1.920 GC heap after
{Heap after GC invocations=2 (full 0):
 garbage-first heap   total reserved 3637248K, committed 227328K, used 4886K [0x0000000722000000, 0x0000000800000000)
  region size 2048K, 1 young (2048K), 1 survivors (2048K)
 Metaspace       used 8450K, committed 8640K, reserved 1114112K
  class space    used 1019K, committed 1152K, reserved 1048576K
}

Dll operation events (8 events):
Event: 0.013 Loaded shared library C:\Program Files\Java\jdk-23\bin\java.dll
Event: 0.059 Loaded shared library C:\Program Files\Java\jdk-23\bin\jsvml.dll
Event: 0.091 Loaded shared library C:\Program Files\Java\jdk-23\bin\net.dll
Event: 0.093 Loaded shared library C:\Program Files\Java\jdk-23\bin\nio.dll
Event: 0.098 Loaded shared library C:\Program Files\Java\jdk-23\bin\zip.dll
Event: 0.343 Loaded shared library C:\Program Files\Java\jdk-23\bin\jimage.dll
Event: 0.344 Loaded shared library C:\Program Files\NetBeans-25\netbeans\java\maven\lib\jansi-native\Windows\x86_64\jansi.dll
Event: 0.362 Loaded shared library C:\Program Files\Java\jdk-23\bin\verify.dll

Deoptimization events (20 events):
Event: 3.695 Thread 0x00000127a3815070 Uncommon trap: trap_request=0xffffffde fr.pc=0x00000127b5ca69c4 relative=0x0000000000000164
Event: 3.695 Thread 0x00000127a3815070 Uncommon trap: reason=class_check action=maybe_recompile pc=0x00000127b5ca69c4 method=java.nio.charset.CharsetDecoder.decode(Ljava/nio/ByteBuffer;Ljava/nio/CharBuffer;Z)Ljava/nio/charset/CoderResult; @ 57 c2
Event: 3.695 Thread 0x00000127a3815070 DEOPT PACKING pc=0x00000127b5ca69c4 sp=0x0000001a4a6fc2b0
Event: 3.695 Thread 0x00000127a3815070 DEOPT UNPACKING pc=0x00000127b56f4402 sp=0x0000001a4a6fc238 mode 2
Event: 3.697 Thread 0x00000127a3815070 DEOPT PACKING pc=0x00000127ae626e8d sp=0x0000001a4a6fc390
Event: 3.697 Thread 0x00000127a3815070 DEOPT UNPACKING pc=0x00000127b56f4b22 sp=0x0000001a4a6fb8c8 mode 0
Event: 3.710 Thread 0x00000127a3815070 DEOPT PACKING pc=0x00000127ae626e8d sp=0x0000001a4a6fc420
Event: 3.710 Thread 0x00000127a3815070 DEOPT UNPACKING pc=0x00000127b56f4b22 sp=0x0000001a4a6fb958 mode 0
Event: 3.713 Thread 0x00000127a3815070 Uncommon trap: trap_request=0xffffffcc fr.pc=0x00000127b5d50eb0 relative=0x00000000000001f0
Event: 3.713 Thread 0x00000127a3815070 Uncommon trap: reason=intrinsic_or_type_checked_inlining action=make_not_entrant pc=0x00000127b5d50eb0 method=java.util.Arrays.copyOf([Ljava/lang/Object;ILjava/lang/Class;)[Ljava/lang/Object; @ 35 c2
Event: 3.713 Thread 0x00000127a3815070 DEOPT PACKING pc=0x00000127b5d50eb0 sp=0x0000001a4a6fc380
Event: 3.713 Thread 0x00000127a3815070 DEOPT UNPACKING pc=0x00000127b56f4402 sp=0x0000001a4a6fc310 mode 2
Event: 3.776 Thread 0x00000127a3815070 Uncommon trap: trap_request=0xffffff6e fr.pc=0x00000127b5c546a0 relative=0x0000000000000180
Event: 3.776 Thread 0x00000127a3815070 Uncommon trap: reason=loop_limit_check action=maybe_recompile pc=0x00000127b5c546a0 method=java.lang.StringLatin1.lastIndexOf([BII)I @ 19 c2
Event: 3.776 Thread 0x00000127a3815070 DEOPT PACKING pc=0x00000127b5c546a0 sp=0x0000001a4a6fd580
Event: 3.776 Thread 0x00000127a3815070 DEOPT UNPACKING pc=0x00000127b56f4402 sp=0x0000001a4a6fd500 mode 2
Event: 3.788 Thread 0x00000127a3815070 Uncommon trap: trap_request=0xffffff45 fr.pc=0x00000127b5c6b3cc relative=0x000000000000008c
Event: 3.788 Thread 0x00000127a3815070 Uncommon trap: reason=unstable_if action=reinterpret pc=0x00000127b5c6b3cc method=sun.net.www.ParseUtil.firstEncodeIndex(Ljava/lang/String;)I @ 51 c2
Event: 3.788 Thread 0x00000127a3815070 DEOPT PACKING pc=0x00000127b5c6b3cc sp=0x0000001a4a6fd3e0
Event: 3.788 Thread 0x00000127a3815070 DEOPT UNPACKING pc=0x00000127b56f4402 sp=0x0000001a4a6fd368 mode 2

Classes loaded (20 events):
Event: 3.186 Loading class sun/nio/fs/WindowsFileSystemProvider$1
Event: 3.186 Loading class sun/nio/fs/WindowsFileSystemProvider$1 done
Event: 3.188 Loading class sun/nio/ch/FileLockImpl
Event: 3.189 Loading class sun/nio/ch/FileLockImpl done
Event: 3.189 Loading class sun/nio/ch/FileLockTable
Event: 3.189 Loading class sun/nio/ch/FileLockTable done
Event: 3.189 Loading class sun/nio/ch/FileKey
Event: 3.189 Loading class sun/nio/ch/FileKey done
Event: 3.189 Loading class sun/nio/ch/FileLockTable$FileLockReference
Event: 3.189 Loading class sun/nio/ch/FileLockTable$FileLockReference done
Event: 3.190 Loading class java/util/AbstractMap$2
Event: 3.190 Loading class java/util/AbstractMap$2 done
Event: 3.190 Loading class java/util/AbstractMap$ValueIterator
Event: 3.190 Loading class java/util/AbstractMap$ValueIterator done
Event: 3.210 Loading class java/util/Formatter$FixedString
Event: 3.210 Loading class java/util/Formatter$FixedString done
Event: 3.242 Loading class java/util/stream/Streams$RangeIntSpliterator
Event: 3.242 Loading class java/util/stream/Streams$RangeIntSpliterator done
Event: 3.694 Loading class sun/nio/cs/ISO_8859_1$Decoder
Event: 3.694 Loading class sun/nio/cs/ISO_8859_1$Decoder done

Classes unloaded (0 events):
No events

Classes redefined (0 events):
No events

Internal exceptions (20 events):
Event: 2.354 Thread 0x00000127a3815070 Exception <a 'java/lang/NoSuchMethodError'{0x000000072f177080}: 'java.lang.Object java.lang.invoke.DirectMethodHandle$Holder.invokeStatic(java.lang.Object, java.lang.Object, java.lang.Object, java.lang.Object, int)'> (0x000000072f177080) 
thrown [s\open\src\hotspot\share\interpreter\linkResolver.cpp, line 796]
Event: 2.355 Thread 0x00000127a3815070 Exception <a 'java/lang/NoSuchMethodError'{0x000000072f17f268}: 'java.lang.Object java.lang.invoke.DirectMethodHandle$Holder.invokeSpecial(java.lang.Object, java.lang.Object, java.lang.Object, java.lang.Object, long)'> (0x000000072f17f268) 
thrown [s\open\src\hotspot\share\interpreter\linkResolver.cpp, line 796]
Event: 2.357 Thread 0x00000127a3815070 Exception <a 'java/lang/NoSuchMethodError'{0x000000072f18adf8}: 'java.lang.Object java.lang.invoke.DirectMethodHandle$Holder.invokeSpecial(java.lang.Object, java.lang.Object, java.lang.Object, int, java.lang.Object)'> (0x000000072f18adf8) 
thrown [s\open\src\hotspot\share\interpreter\linkResolver.cpp, line 796]
Event: 2.361 Thread 0x00000127a3815070 Implicit null exception at 0x00000127b5cb6bbd to 0x00000127b5cb6d4c
Event: 2.363 Thread 0x00000127a3815070 Exception <a 'java/lang/NoSuchMethodError'{0x000000072f1b3e38}: 'java.lang.Object java.lang.invoke.Invokers$Holder.invokeExact_MT(java.lang.Object, int, java.lang.Object)'> (0x000000072f1b3e38) 
thrown [s\open\src\hotspot\share\interpreter\linkResolver.cpp, line 796]
Event: 2.679 Thread 0x00000127a3815070 Exception <a 'java/lang/NoSuchMethodError'{0x000000072e46a068}: 'void java.lang.invoke.Invokers$Holder.invokeExact_MT(java.lang.Object, java.lang.Object, java.lang.Object, java.lang.Object)'> (0x000000072e46a068) 
thrown [s\open\src\hotspot\share\interpreter\linkResolver.cpp, line 796]
Event: 2.704 Thread 0x00000127a3815070 Exception <a 'java/lang/NoClassDefFoundError'{0x000000072e4fbf98}: com/google/inject/servlet/ServletModuleTargetVisitor> (0x000000072e4fbf98) 
thrown [s\open\src\hotspot\share\classfile\systemDictionary.cpp, line 302]
Event: 2.795 Thread 0x00000127a3815070 Exception <a 'java/lang/NoSuchMethodError'{0x000000072e3a0ac8}: 'void java.lang.invoke.DirectMethodHandle$Holder.invokeVirtual(java.lang.Object, java.lang.Object)'> (0x000000072e3a0ac8) 
thrown [s\open\src\hotspot\share\interpreter\linkResolver.cpp, line 796]
Event: 2.866 Thread 0x00000127a3815070 Exception <a 'java/lang/NoSuchMethodError'{0x000000072e030518}: 'java.lang.Object java.lang.invoke.DirectMethodHandle$Holder.invokeStaticInit(java.lang.Object, int, int, int, int)'> (0x000000072e030518) 
thrown [s\open\src\hotspot\share\interpreter\linkResolver.cpp, line 796]
Event: 3.062 Thread 0x00000127a3815070 Exception <a 'java/lang/NoSuchMethodError'{0x000000072dccbb70}: 'void java.lang.invoke.DirectMethodHandle$Holder.invokeSpecial(java.lang.Object, java.lang.Object, java.lang.Object, java.lang.Object, java.lang.Object)'> (0x000000072dccbb70) 
thrown [s\open\src\hotspot\share\interpreter\linkResolver.cpp, line 796]
Event: 3.066 Thread 0x00000127a3815070 Exception <a 'java/lang/NoSuchMethodError'{0x000000072dce6008}: 'java.lang.Object java.lang.invoke.DirectMethodHandle$Holder.invokeVirtual(java.lang.Object, java.lang.Object, java.lang.Object)'> (0x000000072dce6008) 
thrown [s\open\src\hotspot\share\interpreter\linkResolver.cpp, line 796]
Event: 3.068 Thread 0x00000127a3815070 Exception <a 'java/lang/NoSuchMethodError'{0x000000072dcf3470}: 'void java.lang.invoke.DirectMethodHandle$Holder.invokeSpecial(java.lang.Object, java.lang.Object, java.lang.Object, java.lang.Object, java.lang.Object, java.lang.Object)'> (0x000000072dcf3470) 
thrown [s\open\src\hotspot\share\interpreter\linkResolver.cpp, line 796]
Event: 3.121 Thread 0x00000127a3815070 Exception <a 'java/lang/NoSuchMethodError'{0x000000072da8cb68}: 'void java.lang.invoke.DirectMethodHandle$Holder.invokeVirtual(java.lang.Object, java.lang.Object, int)'> (0x000000072da8cb68) 
thrown [s\open\src\hotspot\share\interpreter\linkResolver.cpp, line 796]
Event: 3.122 Thread 0x00000127a3815070 Exception <a 'java/lang/NoSuchMethodError'{0x000000072da90980}: 'void java.lang.invoke.DirectMethodHandle$Holder.invokeSpecial(java.lang.Object, java.lang.Object, java.lang.Object, int)'> (0x000000072da90980) 
thrown [s\open\src\hotspot\share\interpreter\linkResolver.cpp, line 796]
Event: 3.122 Thread 0x00000127a3815070 Exception <a 'java/lang/NoSuchMethodError'{0x000000072da94068}: 'void java.lang.invoke.DelegatingMethodHandle$Holder.reinvoke_L(java.lang.Object, java.lang.Object, int)'> (0x000000072da94068) 
thrown [s\open\src\hotspot\share\interpreter\linkResolver.cpp, line 796]
Event: 3.475 Thread 0x00000127a3815070 Implicit null exception at 0x00000127b5cd90eb to 0x00000127b5cd92e8
Event: 3.475 Thread 0x00000127a3815070 Implicit null exception at 0x00000127b5d3597f to 0x00000127b5d37290
Event: 3.475 Thread 0x00000127a3815070 Implicit null exception at 0x00000127b5cd9deb to 0x00000127b5cd9fe4
Event: 3.475 Thread 0x00000127a3815070 Implicit null exception at 0x00000127b5d3437d to 0x00000127b5d34c18
Event: 3.557 Thread 0x00000127a3815070 Exception <a 'java/lang/NoSuchMethodError'{0x000000072d0d5858}: 'java.lang.Object java.lang.invoke.DirectMethodHandle$Holder.newInvokeSpecial(java.lang.Object, java.lang.Object, java.lang.Object, java.lang.Object, java.lang.Object, java.lang.Object, java.lang.Object)'> (0x000000072d0d5858) 
thrown [s\open\src\hotspot\share\interpreter\linkResolver.cpp, line 796]

VM Operations (20 events):
Event: 2.317 Executing VM operation: HandshakeAllThreads (Deoptimize)
Event: 2.317 Executing VM operation: HandshakeAllThreads (Deoptimize) done
Event: 2.410 Executing VM operation: HandshakeAllThreads (Deoptimize)
Event: 2.410 Executing VM operation: HandshakeAllThreads (Deoptimize) done
Event: 2.412 Executing VM operation: HandshakeAllThreads (Deoptimize)
Event: 2.412 Executing VM operation: HandshakeAllThreads (Deoptimize) done
Event: 2.495 Executing VM operation: HandshakeAllThreads (Deoptimize)
Event: 2.495 Executing VM operation: HandshakeAllThreads (Deoptimize) done
Event: 2.673 Executing VM operation: HandshakeAllThreads (Deoptimize)
Event: 2.673 Executing VM operation: HandshakeAllThreads (Deoptimize) done
Event: 2.810 Executing VM operation: HandshakeAllThreads (Deoptimize)
Event: 2.810 Executing VM operation: HandshakeAllThreads (Deoptimize) done
Event: 2.892 Executing VM operation: HandshakeAllThreads (Deoptimize)
Event: 2.892 Executing VM operation: HandshakeAllThreads (Deoptimize) done
Event: 2.944 Executing VM operation: HandshakeAllThreads (Deoptimize)
Event: 2.944 Executing VM operation: HandshakeAllThreads (Deoptimize) done
Event: 3.010 Executing VM operation: HandshakeAllThreads (Deoptimize)
Event: 3.010 Executing VM operation: HandshakeAllThreads (Deoptimize) done
Event: 3.011 Executing VM operation: HandshakeAllThreads (Deoptimize)
Event: 3.011 Executing VM operation: HandshakeAllThreads (Deoptimize) done

Memory protections (0 events):
No events

Nmethod flushes (0 events):
No events

Events (16 events):
Event: 0.038 Thread 0x00000127a3815070 Thread added: 0x00000127a3815070
Event: 0.056 Thread 0x00000127a3815070 Thread added: 0x00000127c486ecd0
Event: 0.056 Thread 0x00000127a3815070 Thread added: 0x00000127c48714b0
Event: 0.057 Thread 0x00000127a3815070 Thread added: 0x00000127c4872dc0
Event: 0.057 Thread 0x00000127a3815070 Thread added: 0x00000127c48738f0
Event: 0.057 Thread 0x00000127a3815070 Thread added: 0x00000127c4882410
Event: 0.057 Thread 0x00000127a3815070 Thread added: 0x00000127c48a81e0
Event: 0.057 Thread 0x00000127a3815070 Thread added: 0x00000127c48ac540
Event: 0.057 Thread 0x00000127a3815070 Thread added: 0x00000127c48acd30
Event: 0.082 Thread 0x00000127a3815070 Thread added: 0x00000127c48a9590
Event: 0.086 Thread 0x00000127a3815070 Thread added: 0x00000127c48a6e30
Event: 0.340 Thread 0x00000127a3815070 Thread added: 0x00000127c48a6110
Event: 0.351 Thread 0x00000127c48a6110 Thread exited: 0x00000127c48a6110
Event: 1.111 Thread 0x00000127c48acd30 Thread added: 0x000001280a9464a0
Event: 1.132 Thread 0x00000127c48acd30 Thread added: 0x000001280a9a8710
Event: 2.093 Thread 0x000001280a9a8710 Thread exited: 0x000001280a9a8710


Dynamic libraries:
0x00007ff79a790000 - 0x00007ff79a7a0000 	C:\Program Files\Java\jdk-23\bin\java.exe
0x00007ffc135c0000 - 0x00007ffc137c9000 	C:\WINDOWS\SYSTEM32\ntdll.dll
0x00007ffc124e0000 - 0x00007ffc1259d000 	C:\WINDOWS\System32\KERNEL32.DLL
0x00007ffc10f60000 - 0x00007ffc112e4000 	C:\WINDOWS\System32\KERNELBASE.dll
0x00007ffc10c10000 - 0x00007ffc10d21000 	C:\WINDOWS\System32\ucrtbase.dll
0x00007ffc0b010000 - 0x00007ffc0b027000 	C:\Program Files\Java\jdk-23\bin\jli.dll
0x00007ffc11880000 - 0x00007ffc11a2d000 	C:\WINDOWS\System32\USER32.dll
0x00007ffc10a50000 - 0x00007ffc10a76000 	C:\WINDOWS\System32\win32u.dll
0x00007ffc11410000 - 0x00007ffc1143a000 	C:\WINDOWS\System32\GDI32.dll
0x00007ffc112f0000 - 0x00007ffc1140e000 	C:\WINDOWS\System32\gdi32full.dll
0x00007ffc10b70000 - 0x00007ffc10c0d000 	C:\WINDOWS\System32\msvcp_win.dll
0x00007ffbf7130000 - 0x00007ffbf714b000 	C:\Program Files\Java\jdk-23\bin\VCRUNTIME140.dll
0x00007ffbfe420000 - 0x00007ffbfe6c5000 	C:\WINDOWS\WinSxS\amd64_microsoft.windows.common-controls_6595b64144ccf1df_6.0.22000.120_none_9d947278b86cc467\COMCTL32.dll
0x00007ffc11a50000 - 0x00007ffc11af3000 	C:\WINDOWS\System32\msvcrt.dll
0x00007ffc11540000 - 0x00007ffc11571000 	C:\WINDOWS\System32\IMM32.DLL
0x00007ffbf8df0000 - 0x00007ffbf8dfc000 	C:\Program Files\Java\jdk-23\bin\vcruntime140_1.dll
0x00007ffbd8a50000 - 0x00007ffbd8ade000 	C:\Program Files\Java\jdk-23\bin\msvcp140.dll
0x00007ffb86210000 - 0x00007ffb86f5f000 	C:\Program Files\Java\jdk-23\bin\server\jvm.dll
0x00007ffc115a0000 - 0x00007ffc1164e000 	C:\WINDOWS\System32\ADVAPI32.dll
0x00007ffc12ed0000 - 0x00007ffc12f6e000 	C:\WINDOWS\System32\sechost.dll
0x00007ffc13360000 - 0x00007ffc13481000 	C:\WINDOWS\System32\RPCRT4.dll
0x00007ffc11810000 - 0x00007ffc1187f000 	C:\WINDOWS\System32\WS2_32.dll
0x00007ffc10920000 - 0x00007ffc1096d000 	C:\WINDOWS\SYSTEM32\POWRPROF.dll
0x00007ffc07450000 - 0x00007ffc0745a000 	C:\WINDOWS\SYSTEM32\VERSION.dll
0x00007ffc0acc0000 - 0x00007ffc0acf3000 	C:\WINDOWS\SYSTEM32\WINMM.dll
0x00007ffc10850000 - 0x00007ffc10863000 	C:\WINDOWS\SYSTEM32\UMPDC.dll
0x00007ffc0fa80000 - 0x00007ffc0fa98000 	C:\WINDOWS\SYSTEM32\kernel.appcore.dll
0x00007ffbf7ac0000 - 0x00007ffbf7aca000 	C:\Program Files\Java\jdk-23\bin\jimage.dll
0x00007ffc0e5e0000 - 0x00007ffc0e801000 	C:\WINDOWS\SYSTEM32\DBGHELP.DLL
0x00007ffbfe6f0000 - 0x00007ffbfe721000 	C:\WINDOWS\SYSTEM32\dbgcore.DLL
0x00007ffc10af0000 - 0x00007ffc10b6f000 	C:\WINDOWS\System32\bcryptPrimitives.dll
0x00007ffbedb00000 - 0x00007ffbedb1e000 	C:\Program Files\Java\jdk-23\bin\java.dll
0x00007ffc12340000 - 0x00007ffc124da000 	C:\WINDOWS\System32\ole32.dll
0x00007ffc12f70000 - 0x00007ffc132e6000 	C:\WINDOWS\System32\combase.dll
0x00007ffc12620000 - 0x00007ffc12de5000 	C:\WINDOWS\System32\SHELL32.dll
0x00007ffc0e980000 - 0x00007ffc0f1e2000 	C:\WINDOWS\SYSTEM32\windows.storage.dll
0x00007ffc0e810000 - 0x00007ffc0e977000 	C:\WINDOWS\SYSTEM32\wintypes.dll
0x00007ffc11450000 - 0x00007ffc1153a000 	C:\WINDOWS\System32\SHCORE.dll
0x00007ffc122e0000 - 0x00007ffc1233d000 	C:\WINDOWS\System32\shlwapi.dll
0x00007ffc10980000 - 0x00007ffc109a5000 	C:\WINDOWS\SYSTEM32\profapi.dll
0x00007ffbc63a0000 - 0x00007ffbc6477000 	C:\Program Files\Java\jdk-23\bin\jsvml.dll
0x00007ffbf1ed0000 - 0x00007ffbf1ee0000 	C:\Program Files\Java\jdk-23\bin\net.dll
0x00007ffc0ff20000 - 0x00007ffc0ff87000 	C:\WINDOWS\system32\mswsock.dll
0x00007ffbec940000 - 0x00007ffbec956000 	C:\Program Files\Java\jdk-23\bin\nio.dll
0x00007ffbdfb00000 - 0x00007ffbdfb17000 	C:\Program Files\Java\jdk-23\bin\zip.dll
0x00007ffbfeeb0000 - 0x00007ffbfeed4000 	C:\Program Files\NetBeans-25\netbeans\java\maven\lib\jansi-native\Windows\x86_64\jansi.dll
0x00007ffbef760000 - 0x00007ffbef770000 	C:\Program Files\Java\jdk-23\bin\verify.dll

dbghelp: loaded successfully - version: 4.0.5 - missing functions: none
symbol engine: initialized successfully - sym options: 0x614 - pdb path: .;C:\Program Files\Java\jdk-23\bin;C:\WINDOWS\SYSTEM32;C:\WINDOWS\WinSxS\amd64_microsoft.windows.common-controls_6595b64144ccf1df_6.0.22000.120_none_9d947278b86cc467;C:\Program Files\Java\jdk-23\bin\server;C:\Program Files\NetBeans-25\netbeans\java\maven\lib\jansi-native\Windows\x86_64

VM Arguments:
jvm_args: -Dclassworlds.conf=C:\Program Files\NetBeans-25\netbeans\java\maven\bin\m2.conf -Dmaven.home=C:\Program Files\NetBeans-25\netbeans\java\maven -Dlibrary.jansi.path=C:\Program Files\NetBeans-25\netbeans\java\maven\lib\jansi-native -Dmaven.multiModuleProjectDirectory=C:\Users\Lenovo\OneDrive\Documents\NetBeansProjects\ProjetoNossoLar\SistemaNossoLar 
java_command: org.codehaus.plexus.classworlds.launcher.Launcher -Dexec.vmArgs= -Dexec.args=${exec.vmArgs} -classpath %classpath ${exec.mainClass} ${exec.appArgs} -Dexec.executable=C:\Program Files\Java\jdk-23\bin\java.exe -Dexec.mainClass=br.edu.iftm.sistemanossolar.view.Telas -Dexec.classpathScope=runtime -Dexec.appArgs= -Dmaven.ext.class.path=C:\Program Files\NetBeans-25\netbeans\java\maven-nblib\netbeans-eventspy.jar --no-transfer-progress process-classes org.codehaus.mojo:exec-maven-plugin:3.1.0:exec
java_class_path (initial): C:\Program Files\NetBeans-25\netbeans\java\maven\boot\plexus-classworlds-2.8.0.jar
Launcher Type: SUN_STANDARD

[Global flags]
     intx CICompilerCount                          = 4                                         {product} {ergonomic}
     uint ConcGCThreads                            = 3                                         {product} {ergonomic}
     uint G1ConcRefinementThreads                  = 10                                        {product} {ergonomic}
   size_t G1HeapRegionSize                         = 2097152                                   {product} {ergonomic}
   size_t InitialHeapSize                          = 232783872                                 {product} {ergonomic}
   size_t MarkStackSize                            = 4194304                                   {product} {ergonomic}
   size_t MarkStackSizeMax                         = 536870912                                 {product} {ergonomic}
   size_t MaxHeapSize                              = 3724541952                                {product} {ergonomic}
   size_t MaxNewSize                               = 2233466880                                {product} {ergonomic}
   size_t MinHeapDeltaBytes                        = 2097152                                   {product} {ergonomic}
   size_t MinHeapSize                              = 8388608                                   {product} {ergonomic}
    uintx NonNMethodCodeHeapSize                   = 5832704                                {pd product} {ergonomic}
    uintx NonProfiledCodeHeapSize                  = 122945536                              {pd product} {ergonomic}
    uintx ProfiledCodeHeapSize                     = 122880000                              {pd product} {ergonomic}
    uintx ReservedCodeCacheSize                    = 251658240                              {pd product} {ergonomic}
     bool SegmentedCodeCache                       = true                                      {product} {ergonomic}
   size_t SoftMaxHeapSize                          = 3724541952                             {manageable} {ergonomic}
     bool UseCompressedOops                        = true                           {product lp64_product} {ergonomic}
     bool UseG1GC                                  = true                                      {product} {ergonomic}
     bool UseLargePagesIndividualAllocation        = false                                  {pd product} {ergonomic}

Logging:
Log output configuration:
 #0: stdout all=warning uptime,level,tags foldmultilines=false
 #1: stderr all=off uptime,level,tags foldmultilines=false

Environment Variables:
JAVA_HOME=C:\Program Files\Java\jdk-23
PATH=C:\Program Files\Common Files\Oracle\Java\javapath;C:\Program Files (x86)\Common Files\Oracle\Java\java8path;C:\Program Files (x86)\Common Files\Oracle\Java\javapath;C:\Program Files (x86)\NVIDIA Corporation\PhysX\Common;C:\WINDOWS\system32;C:\WINDOWS;C:\WINDOWS\System32\Wbem;C:\WINDOWS\System32\WindowsPowerShell\v1.0\;C:\WINDOWS\System32\OpenSSH\;C:\platform-tools-1;C:\platform-tools;C:\Program Files (x86)\PowerShell\7\;C:\adb-fastboot;C:\Program Files\Git\cmd;C:\Program Files\dotnet\;C:\Program Files\PowerShell\7\;C:\Program Files\MySQL\MySQL Shell 8.0\bin\;C:\Users\Lenovo\AppData\Local\Microsoft\WindowsApps;C:\Users\Lenovo\AppData\Local\Programs\Microsoft VS Code\bin;C:\adb\platform-tools;
USERNAME=AFSOUZA
OS=Windows_NT
PROCESSOR_IDENTIFIER=AMD64 Family 23 Model 96 Stepping 1, AuthenticAMD
TMP=C:\Users\Lenovo\AppData\Local\Temp
TEMP=C:\Users\Lenovo\AppData\Local\Temp




Periodic native trim disabled

---------------  S Y S T E M  ---------------

OS:
 Windows 11 , 64 bit Build 22000 (10.0.22000.2538)
OS uptime: 1 days 3:10 hours
Hyper-V role detected

CPU: total 12 (initial active 12) (12 cores per cpu, 2 threads per core) family 23 model 96 stepping 1 microcode 0x0, cx8, cmov, fxsr, ht, mmx, 3dnowpref, sse, sse2, sse3, ssse3, sse4a, sse4.1, sse4.2, popcnt, lzcnt, tsc, tscinvbit, avx, avx2, aes, clmul, bmi1, bmi2, adx, sha, fma, vzeroupper, clflush, clflushopt, hv, rdtscp, rdpid, f16c
Processor Information for the first 12 processors :
  Max Mhz: 2100, Current Mhz: 2100, Mhz Limit: 2100

Memory: 4k page, system-wide physical 14200M (3621M free)
TotalPageFile size 14200M (AvailPageFile size 1M)
current process WorkingSet (physical memory assigned to process): 146M, peak: 146M
current process commit charge ("private bytes"): 354M, peak: 354M

vm_info: Java HotSpot(TM) 64-Bit Server VM (23.0.1+11-39) for windows-amd64 JRE (23.0.1+11-39), built on 2024-09-30T07:20:43Z with MS VC++ 17.6 (VS2022)

END.
