#
# There is insufficient memory for the Java Runtime Environment to continue.
# Native memory allocation (mmap) failed to map 232783872 bytes. Error detail: G1 virtual space
# Possible reasons:
#   The system is out of physical RAM or swap space
#   This process is running with CompressedOops enabled, and the Java Heap may be blocking the growth of the native heap
# Possible solutions:
#   Reduce memory load on the system
#   Increase physical memory or swap space
#   Check if swap backing store is full
#   Decrease Java heap size (-Xmx/-Xms)
#   Decrease number of Java threads
#   Decrease Java thread stack sizes (-Xss)
#   Set larger code cache with -XX:ReservedCodeCacheSize=
#   JVM is running with Zero Based Compressed Oops mode in which the Java heap is
#     placed in the first 32GB address space. The Java Heap base address is the
#     maximum limit for the native heap growth. Please use -XX:HeapBaseMinAddress
#     to set the Java Heap base and to place the Java Heap above 32GB virtual address.
# This output file may be truncated or incomplete.
#
#  Out of Memory Error (os_windows.cpp:3703), pid=9620, tid=16568
#
# JRE version:  (23.0.1+11) (build )
# Java VM: Java HotSpot(TM) 64-Bit Server VM (23.0.1+11-39, mixed mode, sharing, tiered, compressed oops, compressed class ptrs, g1 gc, windows-amd64)
# No core dump will be written. Minidumps are not enabled by default on client versions of Windows
#

---------------  S U M M A R Y ------------

Command Line: br.edu.iftm.sistemanossolar.view.Telas

Host: AMD Ryzen 5 PRO 4650U with Radeon Graphics, 12 cores, 13G,  Windows 11 , 64 bit Build 22000 (10.0.22000.2538)
Time: Thu Jun  5 21:55:15 2025 E. South America Standard Time elapsed time: 0.013509 seconds (0d 0h 0m 0s)

---------------  T H R E A D  ---------------

Current thread (0x0000026010f71790):  JavaThread "Unknown thread" [_thread_in_vm, id=16568, stack(0x000000f14fd00000,0x000000f14fe00000) (1024K)]

Stack: [0x000000f14fd00000,0x000000f14fe00000]
Native frames: (J=compiled Java code, j=interpreted, Vv=VM code, C=native code)
V  [jvm.dll+0x6e08b9]  (no source info available)
V  [jvm.dll+0x87dc83]  (no source info available)
V  [jvm.dll+0x88010e]  (no source info available)
V  [jvm.dll+0x8807e3]  (no source info available)
V  [jvm.dll+0x27aee6]  (no source info available)
V  [jvm.dll+0x6dd1c5]  (no source info available)
V  [jvm.dll+0x6d104a]  (no source info available)
V  [jvm.dll+0x35b3ea]  (no source info available)
V  [jvm.dll+0x3637f6]  (no source info available)
V  [jvm.dll+0x34fd5e]  (no source info available)
V  [jvm.dll+0x34fff8]  (no source info available)
V  [jvm.dll+0x3289cc]  (no source info available)
V  [jvm.dll+0x32966e]  (no source info available)
V  [jvm.dll+0x844355]  (no source info available)
V  [jvm.dll+0x3b9848]  (no source info available)
V  [jvm.dll+0x82d14c]  (no source info available)
V  [jvm.dll+0x454d4e]  (no source info available)
V  [jvm.dll+0x456bd1]  (no source info available)
C  [jli.dll+0x52a3]  (no source info available)
C  [ucrtbase.dll+0x26c0c]  (no source info available)
C  [KERNEL32.DLL+0x153e0]  (no source info available)
C  [ntdll.dll+0x485b]  (no source info available)

Lock stack of current Java thread (top to bottom):


---------------  P R O C E S S  ---------------

Threads class SMR info:
_java_thread_list=0x00007ffb86e03618, length=0, elements={
}

Java Threads: ( => current thread )
Total: 0

Other Threads:
  0x000002601327bd80 WorkerThread "GC Thread#0"                     [id=17556, stack(0x000000f14fe00000,0x000000f14ff00000) (1024K)]
  0x000002601328e260 ConcurrentGCThread "G1 Main Marker"            [id=4964, stack(0x000000f14ff00000,0x000000f150000000) (1024K)]
  0x000002601328ee30 WorkerThread "G1 Conc#0"                       [id=12576, stack(0x000000f150000000,0x000000f150100000) (1024K)]

[error occurred during error reporting (printing all threads), id 0xc0000005, EXCEPTION_ACCESS_VIOLATION (0xc0000005) at pc=0x00007ffb8654bfba]
VM state: not at safepoint (not fully initialized)

VM Mutex/Monitor currently owned by a thread:  ([mutex/lock_event])
[0x00007ffb86e83a10] Heap_lock - owner thread: 0x0000026010f71790

Heap address: 0x0000000722000000, size: 3552 MB, Compressed Oops mode: Zero based, Oop shift amount: 3

CDS archive(s) mapped at: [0x0000000000000000-0x0000000000000000-0x0000000000000000), size 0, SharedBaseAddress: 0x0000000800000000, ArchiveRelocationMode: 1.
Narrow klass base: 0x0000000000000000, Narrow klass shift: 0, Narrow klass range: 0x0

GC Precious Log:
 CardTable entry size: 512
 Card Set container configuration: InlinePtr #cards 4 size 8 Array Of Cards #cards 16 size 48 Howl #buckets 8 coarsen threshold 3686 Howl Bitmap #cards 512 size 80 coarsen threshold 460 Card regions per heap region 1 cards per card region 4096

Heap:
 garbage-first heap   total reserved 3637248K, committed 0K, used 0K [0x0000000722000000, 0x0000000800000000)
  region size 2048K, 0 young (0K), 0 survivors (0K)

[error occurred during error reporting (printing heap information), id 0xc0000005, EXCEPTION_ACCESS_VIOLATION (0xc0000005) at pc=0x00007ffb8694c3c9]
GC Heap History (0 events):
No events

Dll operation events (1 events):
Event: 0.009 Loaded shared library C:\Program Files\Java\jdk-23\bin\java.dll

Deoptimization events (0 events):
No events

Classes loaded (0 events):
No events

Classes unloaded (0 events):
No events

Classes redefined (0 events):
No events

Internal exceptions (0 events):
No events

VM Operations (0 events):
No events

Memory protections (0 events):
No events

Nmethod flushes (0 events):
No events

Events (0 events):
No events


Dynamic libraries:
0x00007ff79a790000 - 0x00007ff79a7a0000 	C:\Program Files\Java\jdk-23\bin\java.exe
0x00007ffc135c0000 - 0x00007ffc137c9000 	C:\WINDOWS\SYSTEM32\ntdll.dll
0x00007ffc124e0000 - 0x00007ffc1259d000 	C:\WINDOWS\System32\KERNEL32.DLL
0x00007ffc10f60000 - 0x00007ffc112e4000 	C:\WINDOWS\System32\KERNELBASE.dll
0x00007ffc10c10000 - 0x00007ffc10d21000 	C:\WINDOWS\System32\ucrtbase.dll
0x00007ffbf7130000 - 0x00007ffbf714b000 	C:\Program Files\Java\jdk-23\bin\VCRUNTIME140.dll
0x00007ffc031d0000 - 0x00007ffc031e7000 	C:\Program Files\Java\jdk-23\bin\jli.dll
0x00007ffc11880000 - 0x00007ffc11a2d000 	C:\WINDOWS\System32\USER32.dll
0x00007ffc10a50000 - 0x00007ffc10a76000 	C:\WINDOWS\System32\win32u.dll
0x00007ffbfe420000 - 0x00007ffbfe6c5000 	C:\WINDOWS\WinSxS\amd64_microsoft.windows.common-controls_6595b64144ccf1df_6.0.22000.120_none_9d947278b86cc467\COMCTL32.dll
0x00007ffc11410000 - 0x00007ffc1143a000 	C:\WINDOWS\System32\GDI32.dll
0x00007ffc11a50000 - 0x00007ffc11af3000 	C:\WINDOWS\System32\msvcrt.dll
0x00007ffc112f0000 - 0x00007ffc1140e000 	C:\WINDOWS\System32\gdi32full.dll
0x00007ffc10b70000 - 0x00007ffc10c0d000 	C:\WINDOWS\System32\msvcp_win.dll
0x00007ffc11540000 - 0x00007ffc11571000 	C:\WINDOWS\System32\IMM32.DLL
0x00007ffbf8df0000 - 0x00007ffbf8dfc000 	C:\Program Files\Java\jdk-23\bin\vcruntime140_1.dll
0x00007ffbd8a50000 - 0x00007ffbd8ade000 	C:\Program Files\Java\jdk-23\bin\msvcp140.dll
0x00007ffb86210000 - 0x00007ffb86f5f000 	C:\Program Files\Java\jdk-23\bin\server\jvm.dll
0x00007ffc115a0000 - 0x00007ffc1164e000 	C:\WINDOWS\System32\ADVAPI32.dll
0x00007ffc12ed0000 - 0x00007ffc12f6e000 	C:\WINDOWS\System32\sechost.dll
0x00007ffc13360000 - 0x00007ffc13481000 	C:\WINDOWS\System32\RPCRT4.dll
0x00007ffc11810000 - 0x00007ffc1187f000 	C:\WINDOWS\System32\WS2_32.dll
0x00007ffc10920000 - 0x00007ffc1096d000 	C:\WINDOWS\SYSTEM32\POWRPROF.dll
0x00007ffc07450000 - 0x00007ffc0745a000 	C:\WINDOWS\SYSTEM32\VERSION.dll
0x00007ffc0acc0000 - 0x00007ffc0acf3000 	C:\WINDOWS\SYSTEM32\WINMM.dll
0x00007ffc10850000 - 0x00007ffc10863000 	C:\WINDOWS\SYSTEM32\UMPDC.dll
0x00007ffc0fa80000 - 0x00007ffc0fa98000 	C:\WINDOWS\SYSTEM32\kernel.appcore.dll
0x00007ffbf7ac0000 - 0x00007ffbf7aca000 	C:\Program Files\Java\jdk-23\bin\jimage.dll
0x00007ffc0e5e0000 - 0x00007ffc0e801000 	C:\WINDOWS\SYSTEM32\DBGHELP.DLL
0x00007ffbfe6f0000 - 0x00007ffbfe721000 	C:\WINDOWS\SYSTEM32\dbgcore.DLL
0x00007ffc10af0000 - 0x00007ffc10b6f000 	C:\WINDOWS\System32\bcryptPrimitives.dll
0x00007ffbedb00000 - 0x00007ffbedb1e000 	C:\Program Files\Java\jdk-23\bin\java.dll
0x00007ffc12340000 - 0x00007ffc124da000 	C:\WINDOWS\System32\ole32.dll
0x00007ffc12f70000 - 0x00007ffc132e6000 	C:\WINDOWS\System32\combase.dll
0x00007ffc12620000 - 0x00007ffc12de5000 	C:\WINDOWS\System32\SHELL32.dll

dbghelp: loaded successfully - version: 4.0.5 - missing functions: none
symbol engine: initialized successfully - sym options: 0x614 - pdb path: .;C:\Program Files\Java\jdk-23\bin;C:\WINDOWS\SYSTEM32;C:\WINDOWS\WinSxS\amd64_microsoft.windows.common-controls_6595b64144ccf1df_6.0.22000.120_none_9d947278b86cc467;C:\Program Files\Java\jdk-23\bin\server

VM Arguments:
java_command: br.edu.iftm.sistemanossolar.view.Telas
java_class_path (initial): C:\Users\Lenovo\OneDrive\Documents\NetBeansProjects\ProjetoNossoLar\SistemaNossoLar\target\classes;C:\Users\Lenovo\.m2\repository\com\mysql\mysql-connector-j\8.0.33\mysql-connector-j-8.0.33.jar;C:\Users\Lenovo\.m2\repository\com\google\protobuf\protobuf-java\3.21.9\protobuf-java-3.21.9.jar
Launcher Type: SUN_STANDARD

[Global flags]
     intx CICompilerCount                          = 4                                         {product} {ergonomic}
     uint ConcGCThreads                            = 3                                         {product} {ergonomic}
     uint G1ConcRefinementThreads                  = 10                                        {product} {ergonomic}
   size_t G1HeapRegionSize                         = 2097152                                   {product} {ergonomic}
   size_t InitialHeapSize                          = 232783872                                 {product} {ergonomic}
   size_t MarkStackSize                            = 4194304                                   {product} {ergonomic}
   size_t MarkStackSizeMax                         = 536870912                                 {product} {ergonomic}
   size_t MaxHeapSize                              = 3724541952                                {product} {ergonomic}
   size_t MinHeapDeltaBytes                        = 2097152                                   {product} {ergonomic}
   size_t MinHeapSize                              = 8388608                                   {product} {ergonomic}
    uintx NonNMethodCodeHeapSize                   = 5832704                                {pd product} {ergonomic}
    uintx NonProfiledCodeHeapSize                  = 122945536                              {pd product} {ergonomic}
    uintx ProfiledCodeHeapSize                     = 122880000                              {pd product} {ergonomic}
    uintx ReservedCodeCacheSize                    = 251658240                              {pd product} {ergonomic}
     bool SegmentedCodeCache                       = true                                      {product} {ergonomic}
   size_t SoftMaxHeapSize                          = 3724541952                             {manageable} {ergonomic}
     bool UseCompressedOops                        = true                           {product lp64_product} {ergonomic}
     bool UseG1GC                                  = true                                      {product} {ergonomic}
     bool UseLargePagesIndividualAllocation        = false                                  {pd product} {ergonomic}

Logging:
Log output configuration:
 #0: stdout all=warning uptime,level,tags foldmultilines=false
 #1: stderr all=off uptime,level,tags foldmultilines=false

Environment Variables:
JAVA_HOME=C:\Program Files\Java\jdk-23
PATH=C:\Program Files\Common Files\Oracle\Java\javapath;C:\Program Files (x86)\Common Files\Oracle\Java\java8path;C:\Program Files (x86)\Common Files\Oracle\Java\javapath;C:\Program Files (x86)\NVIDIA Corporation\PhysX\Common;C:\WINDOWS\system32;C:\WINDOWS;C:\WINDOWS\System32\Wbem;C:\WINDOWS\System32\WindowsPowerShell\v1.0\;C:\WINDOWS\System32\OpenSSH\;C:\platform-tools-1;C:\platform-tools;C:\Program Files (x86)\PowerShell\7\;C:\adb-fastboot;C:\Program Files\Git\cmd;C:\Program Files\dotnet\;C:\Program Files\PowerShell\7\;C:\Program Files\MySQL\MySQL Shell 8.0\bin\;C:\Users\Lenovo\AppData\Local\Microsoft\WindowsApps;C:\Users\Lenovo\AppData\Local\Programs\Microsoft VS Code\bin;C:\adb\platform-tools;
USERNAME=AFSOUZA
OS=Windows_NT
PROCESSOR_IDENTIFIER=AMD64 Family 23 Model 96 Stepping 1, AuthenticAMD
TMP=C:\Users\Lenovo\AppData\Local\Temp
TEMP=C:\Users\Lenovo\AppData\Local\Temp




Periodic native trim disabled

---------------  S Y S T E M  ---------------

OS:
 Windows 11 , 64 bit Build 22000 (10.0.22000.2538)
OS uptime: 1 days 2:31 hours
Hyper-V role detected

CPU: total 12 (initial active 12) (12 cores per cpu, 2 threads per core) family 23 model 96 stepping 1 microcode 0x0, cx8, cmov, fxsr, ht, mmx, 3dnowpref, sse, sse2, sse3, ssse3, sse4a, sse4.1, sse4.2, popcnt, lzcnt, tsc, tscinvbit, avx, avx2, aes, clmul, bmi1, bmi2, adx, sha, fma, vzeroupper, clflush, clflushopt, hv, rdtscp, rdpid, f16c
Processor Information for the first 12 processors :
  Max Mhz: 2100, Current Mhz: 2100, Mhz Limit: 2100

Memory: 4k page, system-wide physical 14200M (3446M free)
TotalPageFile size 14200M (AvailPageFile size 219M)
current process WorkingSet (physical memory assigned to process): 12M, peak: 12M
current process commit charge ("private bytes"): 64M, peak: 286M

vm_info: Java HotSpot(TM) 64-Bit Server VM (23.0.1+11-39) for windows-amd64 JRE (23.0.1+11-39), built on 2024-09-30T07:20:43Z with MS VC++ 17.6 (VS2022)

END.
