#
# There is insufficient memory for the Java Runtime Environment to continue.
# Native memory allocation (mmap) failed to map 65536 bytes. Error detail: Failed to commit metaspace.
# Possible reasons:
#   The system is out of physical RAM or swap space
#   This process is running with CompressedOops enabled, and the Java Heap may be blocking the growth of the native heap
# Possible solutions:
#   Reduce memory load on the system
#   Increase physical memory or swap space
#   Check if swap backing store is full
#   Decrease Java heap size (-Xmx/-Xms)
#   Decrease number of Java threads
#   Decrease Java thread stack sizes (-Xss)
#   Set larger code cache with -XX:ReservedCodeCacheSize=
#   JVM is running with Zero Based Compressed Oops mode in which the Java heap is
#     placed in the first 32GB address space. The Java Heap base address is the
#     maximum limit for the native heap growth. Please use -XX:HeapBaseMinAddress
#     to set the Java Heap base and to place the Java Heap above 32GB virtual address.
# This output file may be truncated or incomplete.
#
#  Out of Memory Error (virtualSpaceNode.cpp:113), pid=13992, tid=18836
#
# JRE version: Java(TM) SE Runtime Environment (23.0.1+11) (build 23.0.1+11-39)
# Java VM: Java HotSpot(TM) 64-Bit Server VM (23.0.1+11-39, mixed mode, tiered, compressed oops, compressed class ptrs, g1 gc, windows-amd64)
# No core dump will be written. Minidumps are not enabled by default on client versions of Windows
#

---------------  S U M M A R Y ------------

Command Line: br.edu.iftm.sistemanossolar.view.Telas

Host: AMD Ryzen 5 PRO 4650U with Radeon Graphics, 12 cores, 13G,  Windows 11 , 64 bit Build 22000 (10.0.22000.2538)
Time: Thu Jun  5 21:54:43 2025 E. South America Standard Time elapsed time: 0.160311 seconds (0d 0h 0m 0s)

---------------  T H R E A D  ---------------

Current thread (0x00000203b1de3750):  JavaThread "main"             [_thread_in_vm, id=18836, stack(0x000000e450b00000,0x000000e450c00000) (1024K)]

Stack: [0x000000e450b00000,0x000000e450c00000]
Native frames: (J=compiled Java code, j=interpreted, Vv=VM code, C=native code)
V  [jvm.dll+0x6e08b9]  (no source info available)
V  [jvm.dll+0x87dc83]  (no source info available)
V  [jvm.dll+0x88010e]  (no source info available)
V  [jvm.dll+0x8807e3]  (no source info available)
V  [jvm.dll+0x27aee6]  (no source info available)
V  [jvm.dll+0x87988e]  (no source info available)
V  [jvm.dll+0x682035]  (no source info available)
V  [jvm.dll+0x68209a]  (no source info available)
V  [jvm.dll+0x6848da]  (no source info available)
V  [jvm.dll+0x2219dc]  (no source info available)
V  [jvm.dll+0x682a4e]  (no source info available)
V  [jvm.dll+0x277b9d]  (no source info available)
V  [jvm.dll+0x277f61]  (no source info available)
V  [jvm.dll+0x738abf]  (no source info available)
V  [jvm.dll+0x7398af]  (no source info available)
V  [jvm.dll+0x3c0f38]  (no source info available)
V  [jvm.dll+0x3bfd37]  (no source info available)
V  [jvm.dll+0x3bfcd8]  (no source info available)
V  [jvm.dll+0x5e6039]  (no source info available)
V  [jvm.dll+0x5e4f74]  (no source info available)
V  [jvm.dll+0x3d5bcd]  (no source info available)
V  [jvm.dll+0x3d51cd]  (no source info available)
C  0x00000203c3dc9cb1  (no source info available)

The last pc belongs to invokestatic (printed below).
Java frames: (J=compiled Java code, j=interpreted, Vv=VM code)
j  jdk.internal.jimage.ImageReader.open(Ljava/nio/file/Path;Ljava/nio/ByteOrder;)Ljdk/internal/jimage/ImageReader;+12 java.base@23.0.1
j  jdk.internal.jimage.ImageReader.open(Ljava/nio/file/Path;)Ljdk/internal/jimage/ImageReader;+4 java.base@23.0.1
j  jdk.internal.jimage.ImageReaderFactory$1.apply(Ljava/nio/file/Path;)Ljdk/internal/jimage/ImageReader;+1 java.base@23.0.1
j  jdk.internal.jimage.ImageReaderFactory$1.apply(Ljava/lang/Object;)Ljava/lang/Object;+5 java.base@23.0.1
j  java.util.concurrent.ConcurrentHashMap.computeIfAbsent(Ljava/lang/Object;Ljava/util/function/Function;)Ljava/lang/Object;+115 java.base@23.0.1
j  jdk.internal.jimage.ImageReaderFactory.get(Ljava/nio/file/Path;)Ljdk/internal/jimage/ImageReader;+12 java.base@23.0.1
j  jdk.internal.jimage.ImageReaderFactory.getImageReader()Ljdk/internal/jimage/ImageReader;+3 java.base@23.0.1
j  jdk.internal.module.SystemModuleFinders$SystemImage.<clinit>()V+0 java.base@23.0.1
v  ~StubRoutines::call_stub 0x00000203c3db0fcd
j  jdk.internal.module.SystemModuleFinders$SystemModuleReader.containsImageLocation(Ljava/lang/String;)Z+22 java.base@23.0.1
j  jdk.internal.module.SystemModuleFinders$SystemModuleReader.find(Ljava/lang/String;)Ljava/util/Optional;+2 java.base@23.0.1
j  jdk.internal.loader.BuiltinClassLoader$2.run()Ljava/util/List;+51 java.base@23.0.1
j  jdk.internal.loader.BuiltinClassLoader$2.run()Ljava/lang/Object;+1 java.base@23.0.1
j  java.security.AccessController.executePrivileged(Ljava/security/PrivilegedExceptionAction;Ljava/security/AccessControlContext;Ljava/lang/Class;)Ljava/lang/Object;+29 java.base@23.0.1
j  java.security.AccessController.doPrivileged(Ljava/security/PrivilegedExceptionAction;)Ljava/lang/Object;+9 java.base@23.0.1
j  jdk.internal.loader.BuiltinClassLoader.findMiscResource(Ljava/lang/String;)Ljava/util/List;+83 java.base@23.0.1
j  jdk.internal.loader.BuiltinClassLoader.findResources(Ljava/lang/String;)Ljava/util/Enumeration;+107 java.base@23.0.1
j  jdk.internal.loader.BootLoader.findResources(Ljava/lang/String;)Ljava/util/Enumeration;+4 java.base@23.0.1
j  java.lang.ClassLoader.getResources(Ljava/lang/String;)Ljava/util/Enumeration;+34 java.base@23.0.1
j  java.lang.ClassLoader.getResources(Ljava/lang/String;)Ljava/util/Enumeration;+24 java.base@23.0.1
j  java.util.ServiceLoader$LazyClassPathLookupIterator.nextProviderClass()Ljava/lang/Class;+106 java.base@23.0.1
j  java.util.ServiceLoader$LazyClassPathLookupIterator.hasNextService()Z+15 java.base@23.0.1
j  java.util.ServiceLoader$LazyClassPathLookupIterator.hasNext()Z+11 java.base@23.0.1
j  java.util.ServiceLoader$2.hasNext()Z+16 java.base@23.0.1
j  java.util.ServiceLoader$3.hasNext()Z+32 java.base@23.0.1
j  jdk.internal.logger.BootstrapLogger$DetectBackend$1.run()Ljdk/internal/logger/BootstrapLogger$LoggingBackend;+13 java.base@23.0.1
j  jdk.internal.logger.BootstrapLogger$DetectBackend$1.run()Ljava/lang/Object;+1 java.base@23.0.1
j  java.security.AccessController.executePrivileged(Ljava/security/PrivilegedAction;Ljava/security/AccessControlContext;Ljava/lang/Class;)Ljava/lang/Object;+29 java.base@23.0.1
j  java.security.AccessController.doPrivileged(Ljava/security/PrivilegedAction;)Ljava/lang/Object;+5 java.base@23.0.1
j  jdk.internal.logger.BootstrapLogger$DetectBackend.<clinit>()V+7 java.base@23.0.1
v  ~StubRoutines::call_stub 0x00000203c3db0fcd
j  jdk.internal.logger.BootstrapLogger.useLazyLoggers()Z+6 java.base@23.0.1
j  jdk.internal.logger.LazyLoggers.getLazyLogger(Ljava/lang/String;Ljava/lang/Module;)Ljava/lang/System$Logger;+0 java.base@23.0.1
j  sun.util.logging.PlatformLogger.getLogger(Ljava/lang/String;)Lsun/util/logging/PlatformLogger;+41 java.base@23.0.1
j  java.awt.Component.<clinit>()V+19 java.desktop@23.0.1
v  ~StubRoutines::call_stub 0x00000203c3db0fcd
Lock stack of current Java thread (top to bottom):
LockStack[2]: [I 
{0x000000072fdb4e98} - klass: {type array int}
 - length: 0
LockStack[1]: java.util.concurrent.ConcurrentHashMap$ReservationNode 
{0x000000072fdb4ca0} - klass: 'java/util/concurrent/ConcurrentHashMap$ReservationNode'
 - ---- fields (total size 4 words):
 - final 'hash' 'I' @12  -3 (0xfffffffd)
 - final 'key' 'Ljava/lang/Object;' @16  null (0x00000000)
 - volatile 'val' 'Ljava/lang/Object;' @20  null (0x00000000)
 - volatile 'next' 'Ljava/util/concurrent/ConcurrentHashMap$Node;' @24  null (0x00000000)
LockStack[0]: java.lang.Class 
{0x000000072fd939b8} - klass: 'java/lang/Class'
 - ---- fields (total size 16 words):
 - private volatile transient 'classRedefinedCount' 'I' @12  0 (0x00000000)
 - injected 'klass' 'J' @16  285245960 (0x0000000011008208)
 - injected 'array_klass' 'J' @24  0 (0x0000000000000000)
 - injected 'oop_size' 'I' @32  16 (0x00000010)
 - injected 'static_oop_field_count' 'I' @36  2 (0x00000002)
 - private volatile transient 'cachedConstructor' 'Ljava/lang/reflect/Constructor;' @40  null (0x00000000)
 - private transient 'name' 'Ljava/lang/String;' @44  null (0x00000000)
 - private transient 'module' 'Ljava/lang/Module;' @48  a 'java/lang/Module'{0x000000072fc66728} (0xe5f8cce5)
 - private final 'classLoader' 'Ljava/lang/ClassLoader;' @52  null (0x00000000)
 - private transient 'classData' 'Ljava/lang/Object;' @56  null (0x00000000)
 - private transient 'packageName' 'Ljava/lang/String;' @60  null (0x00000000)
 - private final 'componentType' 'Ljava/lang/Class;' @64  null (0x00000000)
 - private volatile transient 'reflectionData' 'Ljava/lang/ref/SoftReference;' @68  null (0x00000000)
 - private volatile transient 'genericInfo' 'Lsun/reflect/generics/repository/ClassRepository;' @72  null (0x00000000)
 - private volatile transient 'enumConstants' '[Ljava/lang/Object;' @76  null (0x00000000)
 - private volatile transient 'enumConstantDirectory' 'Ljava/util/Map;' @80  null (0x00000000)
 - private volatile transient 'annotationData' 'Ljava/lang/Class$AnnotationData;' @84  null (0x00000000)
 - private volatile transient 'annotationType' 'Lsun/reflect/annotation/AnnotationType;' @88  null (0x00000000)
 - transient 'classValueMap' 'Ljava/lang/ClassValue$ClassValueMap;' @92  null (0x00000000)
 - injected 'protection_domain' 'Ljava/lang/Object;' @96  null (0x00000000)
 - injected 'signers_name' 'Ljava/lang/Object;' @100  null (0x00000000)
 - injected 'source_file' 'Ljava/lang/Object;' @104  null (0x00000000)
 - signature: Lsun/util/logging/PlatformLogger;
 - ---- static fields (2):
 - private static final 'loggers' 'Ljava/util/Map;' @112  a 'java/util/HashMap'{0x000000072fd93a48} (0xe5fb2749)
 - private static final 'spi2platformLevelMapping' '[Lsun/util/logging/PlatformLogger$Level;' @116  a 'sun/util/logging/PlatformLogger$Level'[7] {0x000000072fd93bb8} (0xe5fb2777)
 - static final synthetic '$assertionsDisabled' 'Z' @120  true (0x01)

invokestatic  184 invokestatic  [0x00000203c3dc9c00, 0x00000203c3dc9ec8]  712 bytes
[MachCode]
  0x00000203c3dc9c00: 4883 ec08 | c5fa 1104 | 24eb 1f48 | 83ec 10c5 | fb11 0424 | eb14 4883 | ec10 4889 | 0424 48c7 
  0x00000203c3dc9c20: 4424 0800 | 0000 00eb | 0150 488b | 4dd0 410f | b755 0148 | 8b49 306b | d218 488d | 4c11 080f 
  0x00000203c3dc9c40: b659 1681 | fbb8 0000 | 000f 84bd | 0000 00bb | b800 0000 | e805 0000 | 00e9 9900 | 0000 488b 
  0x00000203c3dc9c60: d348 8d44 | 2408 4c89 | 6dc0 498b | cfc5 f877 | 4989 afb0 | 0300 0049 | 8987 a003 | 0000 4883 
  0x00000203c3dc9c80: ec20 40f6 | c40f 0f84 | 1900 0000 | 4883 ec08 | 48b8 6051 | 5e86 fb7f | 0000 ffd0 | 4883 c408 
  0x00000203c3dc9ca0: e90c 0000 | 0048 b860 | 515e 86fb | 7f00 00ff | d048 83c4 | 2049 c787 | a003 0000 | 0000 0000 
  0x00000203c3dc9cc0: 49c7 87b0 | 0300 0000 | 0000 0049 | c787 a803 | 0000 0000 | 0000 c5f8 | 7749 837f | 0800 0f84 
  0x00000203c3dc9ce0: 0500 0000 | e9d7 71fe | ff4c 8b6d | c04c 8b75 | c84e 8d74 | f500 c348 | 8b4d d041 | 0fb7 5501 
  0x00000203c3dc9d00: 488b 4930 | 6bd2 1848 | 8d4c 1108 | 488b 1948 | 8b5b 0848 | 8b5b 0848 | 8b5b 1880 | bb31 0100 
  0x00000203c3dc9d20: 0004 0f84 | 0d00 0000 | 4c3b bb38 | 0100 000f | 851a ffff | ff0f b651 | 1548 8b19 | 4c89 6dc0 
  0x00000203c3dc9d40: 448b ea0f | b651 1449 | ba60 35e9 | 86fb 7f00 | 0049 8b14 | d252 418b | d54c 8b6d | c048 8b45 
  0x00000203c3dc9d60: d848 85c0 | 0f84 1200 | 0000 4883 | 4008 0148 | 8358 0800 | 4883 c010 | 4889 45d8 | 488b 45d8 
  0x00000203c3dc9d80: 4885 c00f | 8423 0100 | 0080 78f0 | 0a0f 8519 | 0100 0048 | 83c0 084c | 8b68 f841 | 83ed 0041 
  0x00000203c3dc9da0: 83fd 020f | 8cf8 0000 | 004c 8b6b | 0845 0fb7 | 6d2e 4c2b | 2841 83ed | 014e 8b6c | ec08 4d85 
  0x00000203c3dc9dc0: ed75 0ef6 | 4008 0175 | 4bf0 4883 | 4808 01eb | 4345 8b6d | 084d 8bd5 | 4c33 6808 | 49f7 c5fc 
  0x00000203c3dc9de0: ffff ff74 | 2f41 f6c5 | 0275 2948 | 8378 0800 | 741e 4883 | 7808 0174 | 174d 8bea | 4c33 6808 
  0x00000203c3dc9e00: 49f7 c5fc | ffff ff74 | 0b48 8348 | 0802 eb04 | 4c89 6808 | 4883 c010 | 4c8b 68e8 | 4183 ed02 
  0x00000203c3dc9e20: 4183 fd02 | 0f8c 7700 | 0000 4c8b | 6b08 450f | b76d 2e4c | 2b28 4183 | ed01 4e8b | 6cec 084d 
  0x00000203c3dc9e40: 85ed 750e | f640 0801 | 754b f048 | 8348 0801 | eb43 458b | 6d08 4d8b | d54c 3368 | 0849 f7c5 
  0x00000203c3dc9e60: fcff ffff | 742f 41f6 | c502 7529 | 4883 7808 | 0074 1e48 | 8378 0801 | 7417 4d8b | ea4c 3368 
  0x00000203c3dc9e80: 0849 f7c5 | fcff ffff | 740b 4883 | 4808 02eb | 044c 8968 | 0848 83c0 | 104c 8b68 | d841 83ed 
  0x00000203c3dc9ea0: 0441 c1e5 | 0349 03c5 | 4889 45d8 | 4c8d 6c24 | 0849 8bcd | 482b cd48 | c1f9 0348 | 894d f0ff 
  0x00000203c3dc9ec0: 6350 660f | 1f44 0000 
[/MachCode]

---------------  P R O C E S S  ---------------

Threads class SMR info:
_java_thread_list=0x00000203d720c180, length=11, elements={
0x00000203b1de3750, 0x00000203d706c190, 0x00000203d706ceb0, 0x00000203d70632d0,
0x00000203d705c420, 0x00000203d705ce80, 0x00000203d7061900, 0x00000203d7062690,
0x00000203d7084880, 0x00000203d72110f0, 0x00000203d7225970
}

Java Threads: ( => current thread )
=>0x00000203b1de3750 JavaThread "main"                              [_thread_in_vm, id=18836, stack(0x000000e450b00000,0x000000e450c00000) (1024K)]
  0x00000203d706c190 JavaThread "Reference Handler"          daemon [_thread_blocked, id=11340, stack(0x000000e451300000,0x000000e451400000) (1024K)]
  0x00000203d706ceb0 JavaThread "Finalizer"                  daemon [_thread_blocked, id=10868, stack(0x000000e451400000,0x000000e451500000) (1024K)]
  0x00000203d70632d0 JavaThread "Signal Dispatcher"          daemon [_thread_blocked, id=14964, stack(0x000000e451500000,0x000000e451600000) (1024K)]
  0x00000203d705c420 JavaThread "Attach Listener"            daemon [_thread_blocked, id=2572, stack(0x000000e451600000,0x000000e451700000) (1024K)]
  0x00000203d705ce80 JavaThread "Service Thread"             daemon [_thread_blocked, id=12124, stack(0x000000e451700000,0x000000e451800000) (1024K)]
  0x00000203d7061900 JavaThread "Monitor Deflation Thread"   daemon [_thread_blocked, id=5008, stack(0x000000e451800000,0x000000e451900000) (1024K)]
  0x00000203d7062690 JavaThread "C2 CompilerThread0"         daemon [_thread_blocked, id=656, stack(0x000000e451900000,0x000000e451a00000) (1024K)]
  0x00000203d7084880 JavaThread "C1 CompilerThread0"         daemon [_thread_blocked, id=5204, stack(0x000000e451a00000,0x000000e451b00000) (1024K)]
  0x00000203d72110f0 JavaThread "Notification Thread"        daemon [_thread_blocked, id=17388, stack(0x000000e451b00000,0x000000e451c00000) (1024K)]
  0x00000203d7225970 JavaThread "Common-Cleaner"             daemon [_thread_blocked, id=9952, stack(0x000000e451c00000,0x000000e451d00000) (1024K)]
Total: 11

Other Threads:
  0x00000203d2fc3790 VMThread "VM Thread"                           [id=3652, stack(0x000000e451200000,0x000000e451300000) (1024K)]
  0x00000203d2f3fad0 WatcherThread "VM Periodic Task Thread"        [id=636, stack(0x000000e451100000,0x000000e451200000) (1024K)]
  0x00000203b4199430 WorkerThread "GC Thread#0"                     [id=9532, stack(0x000000e450c00000,0x000000e450d00000) (1024K)]
  0x00000203b41aba00 ConcurrentGCThread "G1 Main Marker"            [id=7636, stack(0x000000e450d00000,0x000000e450e00000) (1024K)]
  0x00000203b41ac6c0 WorkerThread "G1 Conc#0"                       [id=1004, stack(0x000000e450e00000,0x000000e450f00000) (1024K)]
  0x00000203d2e11570 ConcurrentGCThread "G1 Refine#0"               [id=11464, stack(0x000000e450f00000,0x000000e451000000) (1024K)]
  0x00000203d2e120f0 ConcurrentGCThread "G1 Service"                [id=17028, stack(0x000000e451000000,0x000000e451100000) (1024K)]
Total: 7

Threads with active compile tasks:
Total: 0

VM state: not at safepoint (normal execution)

VM Mutex/Monitor currently owned by a thread:  ([mutex/lock_event])
[0x00007ffb86e81890] Metaspace_lock - owner thread: 0x00000203b1de3750

Heap address: 0x0000000722000000, size: 3552 MB, Compressed Oops mode: Zero based, Oop shift amount: 3

CDS archive(s) not mapped
Compressed class space mapped at: 0x0000000011000000-0x0000000051000000, reserved size: 1073741824
Narrow klass base: 0x0000000000000000, Narrow klass shift: 0, Narrow klass range: 0x51000000

GC Precious Log:
 CardTable entry size: 512
 Card Set container configuration: InlinePtr #cards 4 size 8 Array Of Cards #cards 16 size 48 Howl #buckets 8 coarsen threshold 3686 Howl Bitmap #cards 512 size 80 coarsen threshold 460 Card regions per heap region 1 cards per card region 4096
 CPUs: 12 total, 12 available
 Memory: 14200M
 Large Page Support: Disabled
 NUMA Support: Disabled
 Compressed Oops: Enabled (Zero based)
 Heap Region Size: 2M
 Heap Min Capacity: 8M
 Heap Initial Capacity: 222M
 Heap Max Capacity: 3552M
 Pre-touch: Disabled
 Parallel Workers: 10
 Concurrent Workers: 3
 Concurrent Refinement Workers: 10
 Periodic GC: Disabled

Heap:
 garbage-first heap   total reserved 3637248K, committed 227328K, used 0K [0x0000000722000000, 0x0000000800000000)
  region size 2048K, 1 young (2048K), 0 survivors (0K)
 Metaspace       used 6543K, committed 6720K, reserved 1114112K
  class space    used 574K, committed 704K, reserved 1048576K

Heap Regions: E=young(eden), S=young(survivor), O=old, HS=humongous(starts), HC=humongous(continues), CS=collection set, F=free, TAMS=top-at-mark-start, PB=parsable bottom
|   0|0x0000000722000000, 0x0000000722000000, 0x0000000722200000|  0%| F|  |TAMS 0x0000000722000000| PB 0x0000000722000000| Untracked |  0
|   1|0x0000000722200000, 0x0000000722200000, 0x0000000722400000|  0%| F|  |TAMS 0x0000000722200000| PB 0x0000000722200000| Untracked |  0
|   2|0x0000000722400000, 0x0000000722400000, 0x0000000722600000|  0%| F|  |TAMS 0x0000000722400000| PB 0x0000000722400000| Untracked |  0
|   3|0x0000000722600000, 0x0000000722600000, 0x0000000722800000|  0%| F|  |TAMS 0x0000000722600000| PB 0x0000000722600000| Untracked |  0
|   4|0x0000000722800000, 0x0000000722800000, 0x0000000722a00000|  0%| F|  |TAMS 0x0000000722800000| PB 0x0000000722800000| Untracked |  0
|   5|0x0000000722a00000, 0x0000000722a00000, 0x0000000722c00000|  0%| F|  |TAMS 0x0000000722a00000| PB 0x0000000722a00000| Untracked |  0
|   6|0x0000000722c00000, 0x0000000722c00000, 0x0000000722e00000|  0%| F|  |TAMS 0x0000000722c00000| PB 0x0000000722c00000| Untracked |  0
|   7|0x0000000722e00000, 0x0000000722e00000, 0x0000000723000000|  0%| F|  |TAMS 0x0000000722e00000| PB 0x0000000722e00000| Untracked |  0
|   8|0x0000000723000000, 0x0000000723000000, 0x0000000723200000|  0%| F|  |TAMS 0x0000000723000000| PB 0x0000000723000000| Untracked |  0
|   9|0x0000000723200000, 0x0000000723200000, 0x0000000723400000|  0%| F|  |TAMS 0x0000000723200000| PB 0x0000000723200000| Untracked |  0
|  10|0x0000000723400000, 0x0000000723400000, 0x0000000723600000|  0%| F|  |TAMS 0x0000000723400000| PB 0x0000000723400000| Untracked |  0
|  11|0x0000000723600000, 0x0000000723600000, 0x0000000723800000|  0%| F|  |TAMS 0x0000000723600000| PB 0x0000000723600000| Untracked |  0
|  12|0x0000000723800000, 0x0000000723800000, 0x0000000723a00000|  0%| F|  |TAMS 0x0000000723800000| PB 0x0000000723800000| Untracked |  0
|  13|0x0000000723a00000, 0x0000000723a00000, 0x0000000723c00000|  0%| F|  |TAMS 0x0000000723a00000| PB 0x0000000723a00000| Untracked |  0
|  14|0x0000000723c00000, 0x0000000723c00000, 0x0000000723e00000|  0%| F|  |TAMS 0x0000000723c00000| PB 0x0000000723c00000| Untracked |  0
|  15|0x0000000723e00000, 0x0000000723e00000, 0x0000000724000000|  0%| F|  |TAMS 0x0000000723e00000| PB 0x0000000723e00000| Untracked |  0
|  16|0x0000000724000000, 0x0000000724000000, 0x0000000724200000|  0%| F|  |TAMS 0x0000000724000000| PB 0x0000000724000000| Untracked |  0
|  17|0x0000000724200000, 0x0000000724200000, 0x0000000724400000|  0%| F|  |TAMS 0x0000000724200000| PB 0x0000000724200000| Untracked |  0
|  18|0x0000000724400000, 0x0000000724400000, 0x0000000724600000|  0%| F|  |TAMS 0x0000000724400000| PB 0x0000000724400000| Untracked |  0
|  19|0x0000000724600000, 0x0000000724600000, 0x0000000724800000|  0%| F|  |TAMS 0x0000000724600000| PB 0x0000000724600000| Untracked |  0
|  20|0x0000000724800000, 0x0000000724800000, 0x0000000724a00000|  0%| F|  |TAMS 0x0000000724800000| PB 0x0000000724800000| Untracked |  0
|  21|0x0000000724a00000, 0x0000000724a00000, 0x0000000724c00000|  0%| F|  |TAMS 0x0000000724a00000| PB 0x0000000724a00000| Untracked |  0
|  22|0x0000000724c00000, 0x0000000724c00000, 0x0000000724e00000|  0%| F|  |TAMS 0x0000000724c00000| PB 0x0000000724c00000| Untracked |  0
|  23|0x0000000724e00000, 0x0000000724e00000, 0x0000000725000000|  0%| F|  |TAMS 0x0000000724e00000| PB 0x0000000724e00000| Untracked |  0
|  24|0x0000000725000000, 0x0000000725000000, 0x0000000725200000|  0%| F|  |TAMS 0x0000000725000000| PB 0x0000000725000000| Untracked |  0
|  25|0x0000000725200000, 0x0000000725200000, 0x0000000725400000|  0%| F|  |TAMS 0x0000000725200000| PB 0x0000000725200000| Untracked |  0
|  26|0x0000000725400000, 0x0000000725400000, 0x0000000725600000|  0%| F|  |TAMS 0x0000000725400000| PB 0x0000000725400000| Untracked |  0
|  27|0x0000000725600000, 0x0000000725600000, 0x0000000725800000|  0%| F|  |TAMS 0x0000000725600000| PB 0x0000000725600000| Untracked |  0
|  28|0x0000000725800000, 0x0000000725800000, 0x0000000725a00000|  0%| F|  |TAMS 0x0000000725800000| PB 0x0000000725800000| Untracked |  0
|  29|0x0000000725a00000, 0x0000000725a00000, 0x0000000725c00000|  0%| F|  |TAMS 0x0000000725a00000| PB 0x0000000725a00000| Untracked |  0
|  30|0x0000000725c00000, 0x0000000725c00000, 0x0000000725e00000|  0%| F|  |TAMS 0x0000000725c00000| PB 0x0000000725c00000| Untracked |  0
|  31|0x0000000725e00000, 0x0000000725e00000, 0x0000000726000000|  0%| F|  |TAMS 0x0000000725e00000| PB 0x0000000725e00000| Untracked |  0
|  32|0x0000000726000000, 0x0000000726000000, 0x0000000726200000|  0%| F|  |TAMS 0x0000000726000000| PB 0x0000000726000000| Untracked |  0
|  33|0x0000000726200000, 0x0000000726200000, 0x0000000726400000|  0%| F|  |TAMS 0x0000000726200000| PB 0x0000000726200000| Untracked |  0
|  34|0x0000000726400000, 0x0000000726400000, 0x0000000726600000|  0%| F|  |TAMS 0x0000000726400000| PB 0x0000000726400000| Untracked |  0
|  35|0x0000000726600000, 0x0000000726600000, 0x0000000726800000|  0%| F|  |TAMS 0x0000000726600000| PB 0x0000000726600000| Untracked |  0
|  36|0x0000000726800000, 0x0000000726800000, 0x0000000726a00000|  0%| F|  |TAMS 0x0000000726800000| PB 0x0000000726800000| Untracked |  0
|  37|0x0000000726a00000, 0x0000000726a00000, 0x0000000726c00000|  0%| F|  |TAMS 0x0000000726a00000| PB 0x0000000726a00000| Untracked |  0
|  38|0x0000000726c00000, 0x0000000726c00000, 0x0000000726e00000|  0%| F|  |TAMS 0x0000000726c00000| PB 0x0000000726c00000| Untracked |  0
|  39|0x0000000726e00000, 0x0000000726e00000, 0x0000000727000000|  0%| F|  |TAMS 0x0000000726e00000| PB 0x0000000726e00000| Untracked |  0
|  40|0x0000000727000000, 0x0000000727000000, 0x0000000727200000|  0%| F|  |TAMS 0x0000000727000000| PB 0x0000000727000000| Untracked |  0
|  41|0x0000000727200000, 0x0000000727200000, 0x0000000727400000|  0%| F|  |TAMS 0x0000000727200000| PB 0x0000000727200000| Untracked |  0
|  42|0x0000000727400000, 0x0000000727400000, 0x0000000727600000|  0%| F|  |TAMS 0x0000000727400000| PB 0x0000000727400000| Untracked |  0
|  43|0x0000000727600000, 0x0000000727600000, 0x0000000727800000|  0%| F|  |TAMS 0x0000000727600000| PB 0x0000000727600000| Untracked |  0
|  44|0x0000000727800000, 0x0000000727800000, 0x0000000727a00000|  0%| F|  |TAMS 0x0000000727800000| PB 0x0000000727800000| Untracked |  0
|  45|0x0000000727a00000, 0x0000000727a00000, 0x0000000727c00000|  0%| F|  |TAMS 0x0000000727a00000| PB 0x0000000727a00000| Untracked |  0
|  46|0x0000000727c00000, 0x0000000727c00000, 0x0000000727e00000|  0%| F|  |TAMS 0x0000000727c00000| PB 0x0000000727c00000| Untracked |  0
|  47|0x0000000727e00000, 0x0000000727e00000, 0x0000000728000000|  0%| F|  |TAMS 0x0000000727e00000| PB 0x0000000727e00000| Untracked |  0
|  48|0x0000000728000000, 0x0000000728000000, 0x0000000728200000|  0%| F|  |TAMS 0x0000000728000000| PB 0x0000000728000000| Untracked |  0
|  49|0x0000000728200000, 0x0000000728200000, 0x0000000728400000|  0%| F|  |TAMS 0x0000000728200000| PB 0x0000000728200000| Untracked |  0
|  50|0x0000000728400000, 0x0000000728400000, 0x0000000728600000|  0%| F|  |TAMS 0x0000000728400000| PB 0x0000000728400000| Untracked |  0
|  51|0x0000000728600000, 0x0000000728600000, 0x0000000728800000|  0%| F|  |TAMS 0x0000000728600000| PB 0x0000000728600000| Untracked |  0
|  52|0x0000000728800000, 0x0000000728800000, 0x0000000728a00000|  0%| F|  |TAMS 0x0000000728800000| PB 0x0000000728800000| Untracked |  0
|  53|0x0000000728a00000, 0x0000000728a00000, 0x0000000728c00000|  0%| F|  |TAMS 0x0000000728a00000| PB 0x0000000728a00000| Untracked |  0
|  54|0x0000000728c00000, 0x0000000728c00000, 0x0000000728e00000|  0%| F|  |TAMS 0x0000000728c00000| PB 0x0000000728c00000| Untracked |  0
|  55|0x0000000728e00000, 0x0000000728e00000, 0x0000000729000000|  0%| F|  |TAMS 0x0000000728e00000| PB 0x0000000728e00000| Untracked |  0
|  56|0x0000000729000000, 0x0000000729000000, 0x0000000729200000|  0%| F|  |TAMS 0x0000000729000000| PB 0x0000000729000000| Untracked |  0
|  57|0x0000000729200000, 0x0000000729200000, 0x0000000729400000|  0%| F|  |TAMS 0x0000000729200000| PB 0x0000000729200000| Untracked |  0
|  58|0x0000000729400000, 0x0000000729400000, 0x0000000729600000|  0%| F|  |TAMS 0x0000000729400000| PB 0x0000000729400000| Untracked |  0
|  59|0x0000000729600000, 0x0000000729600000, 0x0000000729800000|  0%| F|  |TAMS 0x0000000729600000| PB 0x0000000729600000| Untracked |  0
|  60|0x0000000729800000, 0x0000000729800000, 0x0000000729a00000|  0%| F|  |TAMS 0x0000000729800000| PB 0x0000000729800000| Untracked |  0
|  61|0x0000000729a00000, 0x0000000729a00000, 0x0000000729c00000|  0%| F|  |TAMS 0x0000000729a00000| PB 0x0000000729a00000| Untracked |  0
|  62|0x0000000729c00000, 0x0000000729c00000, 0x0000000729e00000|  0%| F|  |TAMS 0x0000000729c00000| PB 0x0000000729c00000| Untracked |  0
|  63|0x0000000729e00000, 0x0000000729e00000, 0x000000072a000000|  0%| F|  |TAMS 0x0000000729e00000| PB 0x0000000729e00000| Untracked |  0
|  64|0x000000072a000000, 0x000000072a000000, 0x000000072a200000|  0%| F|  |TAMS 0x000000072a000000| PB 0x000000072a000000| Untracked |  0
|  65|0x000000072a200000, 0x000000072a200000, 0x000000072a400000|  0%| F|  |TAMS 0x000000072a200000| PB 0x000000072a200000| Untracked |  0
|  66|0x000000072a400000, 0x000000072a400000, 0x000000072a600000|  0%| F|  |TAMS 0x000000072a400000| PB 0x000000072a400000| Untracked |  0
|  67|0x000000072a600000, 0x000000072a600000, 0x000000072a800000|  0%| F|  |TAMS 0x000000072a600000| PB 0x000000072a600000| Untracked |  0
|  68|0x000000072a800000, 0x000000072a800000, 0x000000072aa00000|  0%| F|  |TAMS 0x000000072a800000| PB 0x000000072a800000| Untracked |  0
|  69|0x000000072aa00000, 0x000000072aa00000, 0x000000072ac00000|  0%| F|  |TAMS 0x000000072aa00000| PB 0x000000072aa00000| Untracked |  0
|  70|0x000000072ac00000, 0x000000072ac00000, 0x000000072ae00000|  0%| F|  |TAMS 0x000000072ac00000| PB 0x000000072ac00000| Untracked |  0
|  71|0x000000072ae00000, 0x000000072ae00000, 0x000000072b000000|  0%| F|  |TAMS 0x000000072ae00000| PB 0x000000072ae00000| Untracked |  0
|  72|0x000000072b000000, 0x000000072b000000, 0x000000072b200000|  0%| F|  |TAMS 0x000000072b000000| PB 0x000000072b000000| Untracked |  0
|  73|0x000000072b200000, 0x000000072b200000, 0x000000072b400000|  0%| F|  |TAMS 0x000000072b200000| PB 0x000000072b200000| Untracked |  0
|  74|0x000000072b400000, 0x000000072b400000, 0x000000072b600000|  0%| F|  |TAMS 0x000000072b400000| PB 0x000000072b400000| Untracked |  0
|  75|0x000000072b600000, 0x000000072b600000, 0x000000072b800000|  0%| F|  |TAMS 0x000000072b600000| PB 0x000000072b600000| Untracked |  0
|  76|0x000000072b800000, 0x000000072b800000, 0x000000072ba00000|  0%| F|  |TAMS 0x000000072b800000| PB 0x000000072b800000| Untracked |  0
|  77|0x000000072ba00000, 0x000000072ba00000, 0x000000072bc00000|  0%| F|  |TAMS 0x000000072ba00000| PB 0x000000072ba00000| Untracked |  0
|  78|0x000000072bc00000, 0x000000072bc00000, 0x000000072be00000|  0%| F|  |TAMS 0x000000072bc00000| PB 0x000000072bc00000| Untracked |  0
|  79|0x000000072be00000, 0x000000072be00000, 0x000000072c000000|  0%| F|  |TAMS 0x000000072be00000| PB 0x000000072be00000| Untracked |  0
|  80|0x000000072c000000, 0x000000072c000000, 0x000000072c200000|  0%| F|  |TAMS 0x000000072c000000| PB 0x000000072c000000| Untracked |  0
|  81|0x000000072c200000, 0x000000072c200000, 0x000000072c400000|  0%| F|  |TAMS 0x000000072c200000| PB 0x000000072c200000| Untracked |  0
|  82|0x000000072c400000, 0x000000072c400000, 0x000000072c600000|  0%| F|  |TAMS 0x000000072c400000| PB 0x000000072c400000| Untracked |  0
|  83|0x000000072c600000, 0x000000072c600000, 0x000000072c800000|  0%| F|  |TAMS 0x000000072c600000| PB 0x000000072c600000| Untracked |  0
|  84|0x000000072c800000, 0x000000072c800000, 0x000000072ca00000|  0%| F|  |TAMS 0x000000072c800000| PB 0x000000072c800000| Untracked |  0
|  85|0x000000072ca00000, 0x000000072ca00000, 0x000000072cc00000|  0%| F|  |TAMS 0x000000072ca00000| PB 0x000000072ca00000| Untracked |  0
|  86|0x000000072cc00000, 0x000000072cc00000, 0x000000072ce00000|  0%| F|  |TAMS 0x000000072cc00000| PB 0x000000072cc00000| Untracked |  0
|  87|0x000000072ce00000, 0x000000072ce00000, 0x000000072d000000|  0%| F|  |TAMS 0x000000072ce00000| PB 0x000000072ce00000| Untracked |  0
|  88|0x000000072d000000, 0x000000072d000000, 0x000000072d200000|  0%| F|  |TAMS 0x000000072d000000| PB 0x000000072d000000| Untracked |  0
|  89|0x000000072d200000, 0x000000072d200000, 0x000000072d400000|  0%| F|  |TAMS 0x000000072d200000| PB 0x000000072d200000| Untracked |  0
|  90|0x000000072d400000, 0x000000072d400000, 0x000000072d600000|  0%| F|  |TAMS 0x000000072d400000| PB 0x000000072d400000| Untracked |  0
|  91|0x000000072d600000, 0x000000072d600000, 0x000000072d800000|  0%| F|  |TAMS 0x000000072d600000| PB 0x000000072d600000| Untracked |  0
|  92|0x000000072d800000, 0x000000072d800000, 0x000000072da00000|  0%| F|  |TAMS 0x000000072d800000| PB 0x000000072d800000| Untracked |  0
|  93|0x000000072da00000, 0x000000072da00000, 0x000000072dc00000|  0%| F|  |TAMS 0x000000072da00000| PB 0x000000072da00000| Untracked |  0
|  94|0x000000072dc00000, 0x000000072dc00000, 0x000000072de00000|  0%| F|  |TAMS 0x000000072dc00000| PB 0x000000072dc00000| Untracked |  0
|  95|0x000000072de00000, 0x000000072de00000, 0x000000072e000000|  0%| F|  |TAMS 0x000000072de00000| PB 0x000000072de00000| Untracked |  0
|  96|0x000000072e000000, 0x000000072e000000, 0x000000072e200000|  0%| F|  |TAMS 0x000000072e000000| PB 0x000000072e000000| Untracked |  0
|  97|0x000000072e200000, 0x000000072e200000, 0x000000072e400000|  0%| F|  |TAMS 0x000000072e200000| PB 0x000000072e200000| Untracked |  0
|  98|0x000000072e400000, 0x000000072e400000, 0x000000072e600000|  0%| F|  |TAMS 0x000000072e400000| PB 0x000000072e400000| Untracked |  0
|  99|0x000000072e600000, 0x000000072e600000, 0x000000072e800000|  0%| F|  |TAMS 0x000000072e600000| PB 0x000000072e600000| Untracked |  0
| 100|0x000000072e800000, 0x000000072e800000, 0x000000072ea00000|  0%| F|  |TAMS 0x000000072e800000| PB 0x000000072e800000| Untracked |  0
| 101|0x000000072ea00000, 0x000000072ea00000, 0x000000072ec00000|  0%| F|  |TAMS 0x000000072ea00000| PB 0x000000072ea00000| Untracked |  0
| 102|0x000000072ec00000, 0x000000072ec00000, 0x000000072ee00000|  0%| F|  |TAMS 0x000000072ec00000| PB 0x000000072ec00000| Untracked |  0
| 103|0x000000072ee00000, 0x000000072ee00000, 0x000000072f000000|  0%| F|  |TAMS 0x000000072ee00000| PB 0x000000072ee00000| Untracked |  0
| 104|0x000000072f000000, 0x000000072f000000, 0x000000072f200000|  0%| F|  |TAMS 0x000000072f000000| PB 0x000000072f000000| Untracked |  0
| 105|0x000000072f200000, 0x000000072f200000, 0x000000072f400000|  0%| F|  |TAMS 0x000000072f200000| PB 0x000000072f200000| Untracked |  0
| 106|0x000000072f400000, 0x000000072f400000, 0x000000072f600000|  0%| F|  |TAMS 0x000000072f400000| PB 0x000000072f400000| Untracked |  0
| 107|0x000000072f600000, 0x000000072f600000, 0x000000072f800000|  0%| F|  |TAMS 0x000000072f600000| PB 0x000000072f600000| Untracked |  0
| 108|0x000000072f800000, 0x000000072f800000, 0x000000072fa00000|  0%| F|  |TAMS 0x000000072f800000| PB 0x000000072f800000| Untracked |  0
| 109|0x000000072fa00000, 0x000000072fa00000, 0x000000072fc00000|  0%| F|  |TAMS 0x000000072fa00000| PB 0x000000072fa00000| Untracked |  0
| 110|0x000000072fc00000, 0x000000072fe00000, 0x000000072fe00000|100%| E|  |TAMS 0x000000072fc00000| PB 0x000000072fc00000| Complete |  0

Card table byte_map: [0x00000203cc4c0000,0x00000203ccbb0000] _byte_map_base: 0x00000203c8bb0000

Marking Bits: (CMBitMap*) 0x00000203b4199b40
 Bits: [0x00000203ccbb0000, 0x00000203d0330000)

Polling page: 0x00000203b3910000

Metaspace:

Usage:
  Non-class:      5.83 MB used.
      Class:    574.48 KB used.
       Both:      6.39 MB used.

Virtual space:
  Non-class space:       64.00 MB reserved,       5.88 MB (  9%) committed,  1 nodes.
      Class space:        1.00 GB reserved,     704.00 KB ( <1%) committed,  1 nodes.
             Both:        1.06 GB reserved,       6.56 MB ( <1%) committed. 

Chunk freelists:
   Non-Class:  10.10 MB
       Class:  15.25 MB
        Both:  25.35 MB

MaxMetaspaceSize: unlimited
CompressedClassSpaceSize: 1.00 GB
Initial GC threshold: 21.00 MB
Current GC threshold: 21.00 MB
CDS: off
 - commit_granule_bytes: 65536.
 - commit_granule_words: 8192.
 - virtual_space_node_default_size: 8388608.
 - enlarge_chunks_in_place: 1.
 - use_allocation_guard: 0.


Internal statistics:

num_allocs_failed_limit: 0.
num_arena_births: 6.
num_arena_deaths: 0.
num_vsnodes_births: 2.
num_vsnodes_deaths: 0.
num_space_committed: 105.
num_space_uncommitted: 0.
num_chunks_returned_to_freelist: 0.
num_chunks_taken_from_freelist: 21.
num_chunk_merges: 0.
num_chunk_splits: 7.
num_chunks_enlarged: 2.
num_inconsistent_stats: 0.

CodeHeap 'non-profiled nmethods': size=120064Kb used=30Kb max_used=30Kb free=120033Kb
 bounds [0x00000203c4340000, 0x00000203c45b0000, 0x00000203cb880000]
CodeHeap 'profiled nmethods': size=120000Kb used=77Kb max_used=77Kb free=119922Kb
 bounds [0x00000203bc880000, 0x00000203bcaf0000, 0x00000203c3db0000]
CodeHeap 'non-nmethods': size=5696Kb used=1253Kb max_used=1253Kb free=4442Kb
 bounds [0x00000203c3db0000, 0x00000203c4020000, 0x00000203c4340000]
CodeCache: size=245760Kb, used=1360Kb, max_used=1360Kb, free=244397Kb
 total_blobs=475, nmethods=95, adapters=286, full_count=0
Compilation: enabled, stopped_count=0, restarted_count=0

Compilation events (20 events):
Event: 0.142 Thread 0x00000203d7084880   80       3       java.util.concurrent.ConcurrentHashMap::spread (10 bytes)
Event: 0.142 Thread 0x00000203d7084880 nmethod 80 0x00000203bc890f88 code [0x00000203bc8910a0, 0x00000203bc891198]
Event: 0.151 Thread 0x00000203d7084880   84       1       jdk.internal.util.StrongReferenceKey::get (5 bytes)
Event: 0.151 Thread 0x00000203d7084880 nmethod 84 0x00000203c4346788 code [0x00000203c43468a0, 0x00000203c4346970]
Event: 0.151 Thread 0x00000203d7084880   85       3       java.util.concurrent.ConcurrentHashMap::get (162 bytes)
Event: 0.152 Thread 0x00000203d7084880 nmethod 85 0x00000203bc891288 code [0x00000203bc891460, 0x00000203bc891e60]
Event: 0.152 Thread 0x00000203d7084880   89       3       java.util.ImmutableCollections$SetN$SetNIterator::<init> (36 bytes)
Event: 0.153 Thread 0x00000203d7084880 nmethod 89 0x00000203bc891e88 code [0x00000203bc891fa0, 0x00000203bc8921a0]
Event: 0.153 Thread 0x00000203d7084880   90       1       java.lang.Module::getDescriptor (5 bytes)
Event: 0.153 Thread 0x00000203d7084880 nmethod 90 0x00000203c4347308 code [0x00000203c4347420, 0x00000203c43474f0]
Event: 0.153 Thread 0x00000203d7084880   91       1       java.lang.module.ModuleDescriptor::provides (5 bytes)
Event: 0.153 Thread 0x00000203d7084880 nmethod 91 0x00000203c4347608 code [0x00000203c4347720, 0x00000203c43477f0]
Event: 0.156 Thread 0x00000203d7084880   92       3       java.lang.Enum::<init> (15 bytes)
Event: 0.156 Thread 0x00000203d7084880 nmethod 92 0x00000203bc892208 code [0x00000203bc892320, 0x00000203bc8924f0]
Event: 0.156 Thread 0x00000203d7084880   93       3       java.lang.StringLatin1::canEncode (17 bytes)
Event: 0.156 Thread 0x00000203d7084880 nmethod 93 0x00000203bc892588 code [0x00000203bc8926a0, 0x00000203bc892808]
Event: 0.157 Thread 0x00000203d7084880   94       3       java.lang.StringLatin1::indexOf (17 bytes)
Event: 0.157 Thread 0x00000203d7084880 nmethod 94 0x00000203bc892888 code [0x00000203bc8929c0, 0x00000203bc892d30]
Event: 0.157 Thread 0x00000203d7084880   95       3       java.lang.String::indexOf (41 bytes)
Event: 0.158 Thread 0x00000203d7084880 nmethod 95 0x00000203bc892d88 code [0x00000203bc892f00, 0x00000203bc8934f0]

GC Heap History (0 events):
No events

Dll operation events (2 events):
Event: 0.009 Loaded shared library C:\Program Files\Java\jdk-23\bin\java.dll
Event: 0.072 Loaded shared library C:\Program Files\Java\jdk-23\bin\jsvml.dll

Deoptimization events (0 events):
No events

Classes loaded (20 events):
Event: 0.156 Loading class java/nio/file/FileSystem done
Event: 0.156 Loading class sun/nio/fs/WindowsFileSystem done
Event: 0.156 Loading class sun/nio/fs/WindowsPathParser
Event: 0.156 Loading class sun/nio/fs/WindowsPathParser done
Event: 0.156 Loading class sun/nio/fs/WindowsPathType
Event: 0.156 Loading class sun/nio/fs/WindowsPathType done
Event: 0.156 Loading class sun/nio/fs/WindowsPathParser$Result
Event: 0.156 Loading class sun/nio/fs/WindowsPathParser$Result done
Event: 0.156 Loading class java/net/URI$Parser
Event: 0.156 Loading class java/net/URI$Parser done
Event: 0.156 Loading class sun/nio/fs/WindowsPath
Event: 0.157 Loading class sun/nio/fs/WindowsPath done
Event: 0.157 Loading class jdk/internal/jimage/ImageReaderFactory$1
Event: 0.157 Loading class jdk/internal/jimage/ImageReaderFactory$1 done
Event: 0.157 Loading class jdk/internal/jimage/ImageReader
Event: 0.157 Loading class jdk/internal/jimage/ImageReader done
Event: 0.157 Loading class jdk/internal/jimage/ImageReader$SharedImageReader
Event: 0.158 Loading class jdk/internal/jimage/BasicImageReader
Event: 0.158 Loading class jdk/internal/jimage/BasicImageReader done
Event: 0.158 Loading class jdk/internal/jimage/ImageReader$SharedImageReader done

Classes unloaded (0 events):
No events

Classes redefined (0 events):
No events

Internal exceptions (0 events):
No events

VM Operations (0 events):
No events

Memory protections (0 events):
No events

Nmethod flushes (0 events):
No events

Events (11 events):
Event: 0.019 Thread 0x00000203b1de3750 Thread added: 0x00000203b1de3750
Event: 0.068 Thread 0x00000203b1de3750 Thread added: 0x00000203d706c190
Event: 0.068 Thread 0x00000203b1de3750 Thread added: 0x00000203d706ceb0
Event: 0.069 Thread 0x00000203b1de3750 Thread added: 0x00000203d70632d0
Event: 0.069 Thread 0x00000203b1de3750 Thread added: 0x00000203d705c420
Event: 0.069 Thread 0x00000203b1de3750 Thread added: 0x00000203d705ce80
Event: 0.070 Thread 0x00000203b1de3750 Thread added: 0x00000203d7061900
Event: 0.070 Thread 0x00000203b1de3750 Thread added: 0x00000203d7062690
Event: 0.070 Thread 0x00000203b1de3750 Thread added: 0x00000203d7084880
Event: 0.105 Thread 0x00000203b1de3750 Thread added: 0x00000203d72110f0
Event: 0.111 Thread 0x00000203b1de3750 Thread added: 0x00000203d7225970


Dynamic libraries:
0x00007ff79a790000 - 0x00007ff79a7a0000 	C:\Program Files\Java\jdk-23\bin\java.exe
0x00007ffc135c0000 - 0x00007ffc137c9000 	C:\WINDOWS\SYSTEM32\ntdll.dll
0x00007ffc124e0000 - 0x00007ffc1259d000 	C:\WINDOWS\System32\KERNEL32.DLL
0x00007ffc10f60000 - 0x00007ffc112e4000 	C:\WINDOWS\System32\KERNELBASE.dll
0x00007ffc10c10000 - 0x00007ffc10d21000 	C:\WINDOWS\System32\ucrtbase.dll
0x00007ffc031d0000 - 0x00007ffc031e7000 	C:\Program Files\Java\jdk-23\bin\jli.dll
0x00007ffbf7130000 - 0x00007ffbf714b000 	C:\Program Files\Java\jdk-23\bin\VCRUNTIME140.dll
0x00007ffc11880000 - 0x00007ffc11a2d000 	C:\WINDOWS\System32\USER32.dll
0x00007ffc10a50000 - 0x00007ffc10a76000 	C:\WINDOWS\System32\win32u.dll
0x00007ffbfe420000 - 0x00007ffbfe6c5000 	C:\WINDOWS\WinSxS\amd64_microsoft.windows.common-controls_6595b64144ccf1df_6.0.22000.120_none_9d947278b86cc467\COMCTL32.dll
0x00007ffc11410000 - 0x00007ffc1143a000 	C:\WINDOWS\System32\GDI32.dll
0x00007ffc11a50000 - 0x00007ffc11af3000 	C:\WINDOWS\System32\msvcrt.dll
0x00007ffc112f0000 - 0x00007ffc1140e000 	C:\WINDOWS\System32\gdi32full.dll
0x00007ffc10b70000 - 0x00007ffc10c0d000 	C:\WINDOWS\System32\msvcp_win.dll
0x00007ffc11540000 - 0x00007ffc11571000 	C:\WINDOWS\System32\IMM32.DLL
0x00007ffbf8df0000 - 0x00007ffbf8dfc000 	C:\Program Files\Java\jdk-23\bin\vcruntime140_1.dll
0x00007ffbd8a50000 - 0x00007ffbd8ade000 	C:\Program Files\Java\jdk-23\bin\msvcp140.dll
0x00007ffb86210000 - 0x00007ffb86f5f000 	C:\Program Files\Java\jdk-23\bin\server\jvm.dll
0x00007ffc115a0000 - 0x00007ffc1164e000 	C:\WINDOWS\System32\ADVAPI32.dll
0x00007ffc12ed0000 - 0x00007ffc12f6e000 	C:\WINDOWS\System32\sechost.dll
0x00007ffc13360000 - 0x00007ffc13481000 	C:\WINDOWS\System32\RPCRT4.dll
0x00007ffc11810000 - 0x00007ffc1187f000 	C:\WINDOWS\System32\WS2_32.dll
0x00007ffc0acc0000 - 0x00007ffc0acf3000 	C:\WINDOWS\SYSTEM32\WINMM.dll
0x00007ffc10920000 - 0x00007ffc1096d000 	C:\WINDOWS\SYSTEM32\POWRPROF.dll
0x00007ffc07450000 - 0x00007ffc0745a000 	C:\WINDOWS\SYSTEM32\VERSION.dll
0x00007ffc10850000 - 0x00007ffc10863000 	C:\WINDOWS\SYSTEM32\UMPDC.dll
0x00007ffc0fa80000 - 0x00007ffc0fa98000 	C:\WINDOWS\SYSTEM32\kernel.appcore.dll
0x00007ffbf7ac0000 - 0x00007ffbf7aca000 	C:\Program Files\Java\jdk-23\bin\jimage.dll
0x00007ffc0e5e0000 - 0x00007ffc0e801000 	C:\WINDOWS\SYSTEM32\DBGHELP.DLL
0x00007ffbfe6f0000 - 0x00007ffbfe721000 	C:\WINDOWS\SYSTEM32\dbgcore.DLL
0x00007ffc10af0000 - 0x00007ffc10b6f000 	C:\WINDOWS\System32\bcryptPrimitives.dll
0x00007ffbedb00000 - 0x00007ffbedb1e000 	C:\Program Files\Java\jdk-23\bin\java.dll
0x00007ffc12340000 - 0x00007ffc124da000 	C:\WINDOWS\System32\ole32.dll
0x00007ffc12f70000 - 0x00007ffc132e6000 	C:\WINDOWS\System32\combase.dll
0x00007ffc12620000 - 0x00007ffc12de5000 	C:\WINDOWS\System32\SHELL32.dll
0x00007ffc0e980000 - 0x00007ffc0f1e2000 	C:\WINDOWS\SYSTEM32\windows.storage.dll
0x00007ffc0e810000 - 0x00007ffc0e977000 	C:\WINDOWS\SYSTEM32\wintypes.dll
0x00007ffc11450000 - 0x00007ffc1153a000 	C:\WINDOWS\System32\SHCORE.dll
0x00007ffc122e0000 - 0x00007ffc1233d000 	C:\WINDOWS\System32\shlwapi.dll
0x00007ffc10980000 - 0x00007ffc109a5000 	C:\WINDOWS\SYSTEM32\profapi.dll
0x00007ffbc63a0000 - 0x00007ffbc6477000 	C:\Program Files\Java\jdk-23\bin\jsvml.dll

dbghelp: loaded successfully - version: 4.0.5 - missing functions: none
symbol engine: initialized successfully - sym options: 0x614 - pdb path: .;C:\Program Files\Java\jdk-23\bin;C:\WINDOWS\SYSTEM32;C:\WINDOWS\WinSxS\amd64_microsoft.windows.common-controls_6595b64144ccf1df_6.0.22000.120_none_9d947278b86cc467;C:\Program Files\Java\jdk-23\bin\server

VM Arguments:
java_command: br.edu.iftm.sistemanossolar.view.Telas
java_class_path (initial): C:\Users\Lenovo\OneDrive\Documents\NetBeansProjects\ProjetoNossoLar\SistemaNossoLar\target\classes;C:\Users\Lenovo\.m2\repository\com\mysql\mysql-connector-j\8.0.33\mysql-connector-j-8.0.33.jar;C:\Users\Lenovo\.m2\repository\com\google\protobuf\protobuf-java\3.21.9\protobuf-java-3.21.9.jar
Launcher Type: SUN_STANDARD

[Global flags]
     intx CICompilerCount                          = 4                                         {product} {ergonomic}
     uint ConcGCThreads                            = 3                                         {product} {ergonomic}
     uint G1ConcRefinementThreads                  = 10                                        {product} {ergonomic}
   size_t G1HeapRegionSize                         = 2097152                                   {product} {ergonomic}
   size_t InitialHeapSize                          = 232783872                                 {product} {ergonomic}
   size_t MarkStackSize                            = 4194304                                   {product} {ergonomic}
   size_t MarkStackSizeMax                         = 536870912                                 {product} {ergonomic}
   size_t MaxHeapSize                              = 3724541952                                {product} {ergonomic}
   size_t MaxNewSize                               = 2233466880                                {product} {ergonomic}
   size_t MinHeapDeltaBytes                        = 2097152                                   {product} {ergonomic}
   size_t MinHeapSize                              = 8388608                                   {product} {ergonomic}
    uintx NonNMethodCodeHeapSize                   = 5832704                                {pd product} {ergonomic}
    uintx NonProfiledCodeHeapSize                  = 122945536                              {pd product} {ergonomic}
    uintx ProfiledCodeHeapSize                     = 122880000                              {pd product} {ergonomic}
    uintx ReservedCodeCacheSize                    = 251658240                              {pd product} {ergonomic}
     bool SegmentedCodeCache                       = true                                      {product} {ergonomic}
   size_t SoftMaxHeapSize                          = 3724541952                             {manageable} {ergonomic}
     bool UseCompressedOops                        = true                           {product lp64_product} {ergonomic}
     bool UseG1GC                                  = true                                      {product} {ergonomic}
     bool UseLargePagesIndividualAllocation        = false                                  {pd product} {ergonomic}

Logging:
Log output configuration:
 #0: stdout all=warning uptime,level,tags foldmultilines=false
 #1: stderr all=off uptime,level,tags foldmultilines=false

Environment Variables:
JAVA_HOME=C:\Program Files\Java\jdk-23
PATH=C:\Program Files\Common Files\Oracle\Java\javapath;C:\Program Files (x86)\Common Files\Oracle\Java\java8path;C:\Program Files (x86)\Common Files\Oracle\Java\javapath;C:\Program Files (x86)\NVIDIA Corporation\PhysX\Common;C:\WINDOWS\system32;C:\WINDOWS;C:\WINDOWS\System32\Wbem;C:\WINDOWS\System32\WindowsPowerShell\v1.0\;C:\WINDOWS\System32\OpenSSH\;C:\platform-tools-1;C:\platform-tools;C:\Program Files (x86)\PowerShell\7\;C:\adb-fastboot;C:\Program Files\Git\cmd;C:\Program Files\dotnet\;C:\Program Files\PowerShell\7\;C:\Program Files\MySQL\MySQL Shell 8.0\bin\;C:\Users\Lenovo\AppData\Local\Microsoft\WindowsApps;C:\Users\Lenovo\AppData\Local\Programs\Microsoft VS Code\bin;C:\adb\platform-tools;
USERNAME=AFSOUZA
OS=Windows_NT
PROCESSOR_IDENTIFIER=AMD64 Family 23 Model 96 Stepping 1, AuthenticAMD
TMP=C:\Users\Lenovo\AppData\Local\Temp
TEMP=C:\Users\Lenovo\AppData\Local\Temp




Periodic native trim disabled

---------------  S Y S T E M  ---------------

OS:
 Windows 11 , 64 bit Build 22000 (10.0.22000.2538)
OS uptime: 1 days 2:31 hours
Hyper-V role detected

CPU: total 12 (initial active 12) (12 cores per cpu, 2 threads per core) family 23 model 96 stepping 1 microcode 0x0, cx8, cmov, fxsr, ht, mmx, 3dnowpref, sse, sse2, sse3, ssse3, sse4a, sse4.1, sse4.2, popcnt, lzcnt, tsc, tscinvbit, avx, avx2, aes, clmul, bmi1, bmi2, adx, sha, fma, vzeroupper, clflush, clflushopt, hv, rdtscp, rdpid, f16c
Processor Information for the first 12 processors :
  Max Mhz: 2100, Current Mhz: 2100, Mhz Limit: 2100

Memory: 4k page, system-wide physical 14200M (3439M free)
TotalPageFile size 14200M (AvailPageFile size 4M)
current process WorkingSet (physical memory assigned to process): 32M, peak: 32M
current process commit charge ("private bytes"): 303M, peak: 305M

vm_info: Java HotSpot(TM) 64-Bit Server VM (23.0.1+11-39) for windows-amd64 JRE (23.0.1+11-39), built on 2024-09-30T07:20:43Z with MS VC++ 17.6 (VS2022)

END.
